#
# There is insufficient memory for the Java Runtime Environment to continue.
# Native memory allocation (mmap) failed to map 409600 bytes for G1 virtual space
# Possible reasons:
#   The system is out of physical RAM or swap space
#   The process is running with CompressedOops enabled, and the Java Heap may be blocking the growth of the native heap
# Possible solutions:
#   Reduce memory load on the system
#   Increase physical memory or swap space
#   Check if swap backing store is full
#   Decrease Java heap size (-Xmx/-Xms)
#   Decrease number of Java threads
#   Decrease Java thread stack sizes (-Xss)
#   Set larger code cache with -XX:ReservedCodeCacheSize=
#   JVM is running with Unscaled Compressed Oops mode in which the Java heap is
#     placed in the first 4GB address space. The Java Heap base address is the
#     maximum limit for the native heap growth. Please use -XX:HeapBaseMinAddress
#     to set the Java Heap base and to place the Java Heap above 4GB virtual address.
# This output file may be truncated or incomplete.
#
#  Out of Memory Error (os_windows.cpp:3530), pid=9180, tid=18228
#
# JRE version: Java(TM) SE Runtime Environment (18.0.2+9) (build 18.0.2+9-61)
# Java VM: Java HotSpot(TM) 64-Bit Server VM (18.0.2+9-61, mixed mode, sharing, tiered, compressed oops, compressed class ptrs, g1 gc, windows-amd64)
# No core dump will be written. Minidumps are not enabled by default on client versions of Windows
#

---------------  S U M M A R Y ------------

Command Line: -Dclassworlds.conf=D:\Programs\apache-maven-3.9.3\bin\m2.conf -Dmaven.home=D:\Programs\apache-maven-3.9.3 -Dlibrary.jansi.path=D:\Programs\apache-maven-3.9.3\lib\jansi-native -Dmaven.multiModuleProjectDirectory=D:\automation\autofox org.codehaus.plexus.classworlds.launcher.Launcher clean generate-test-resources

Host: Intel(R) Core(TM) i5-4570 CPU @ 3.20GHz, 4 cores, 7G,  Windows 10 , 64 bit Build 19041 (10.0.19041.3155)
Time: Thu Sep  7 10:04:01 2023 Egypt Daylight Time elapsed time: 9.105767 seconds (0d 0h 0m 9s)

---------------  T H R E A D  ---------------

Current thread (0x00000160b79f8b60):  VMThread "VM Thread" [stack: 0x0000003c3e600000,0x0000003c3e700000] [id=18228]

Stack: [0x0000003c3e600000,0x0000003c3e700000]
Native frames: (J=compiled Java code, j=interpreted, Vv=VM code, C=native code)
V  [jvm.dll+0x6993ca]
V  [jvm.dll+0x7f481d]
V  [jvm.dll+0x7f612e]
V  [jvm.dll+0x7f67e3]
V  [jvm.dll+0x25cdaf]
V  [jvm.dll+0x696319]
V  [jvm.dll+0x68ae4a]
V  [jvm.dll+0x3223eb]
V  [jvm.dll+0x329dc6]
V  [jvm.dll+0x37eb08]
V  [jvm.dll+0x37ed0f]
V  [jvm.dll+0x2fa16a]
V  [jvm.dll+0x2fa217]
V  [jvm.dll+0x33e752]
V  [jvm.dll+0x33ccf4]
V  [jvm.dll+0x2f9940]
V  [jvm.dll+0x33c2cb]
V  [jvm.dll+0x7fb5cb]
V  [jvm.dll+0x7fc364]
V  [jvm.dll+0x7fc89c]
V  [jvm.dll+0x7fccf4]
V  [jvm.dll+0x7fcdb7]
V  [jvm.dll+0x7a125a]
V  [jvm.dll+0x698275]
C  [ucrtbase.dll+0x21bb2]
C  [KERNEL32.DLL+0x17614]
C  [ntdll.dll+0x526b1]

VM_Operation (0x0000003c3e0fb760): G1CollectForAllocation, mode: safepoint, requested by thread 0x00000160b5939f90


---------------  P R O C E S S  ---------------

Threads class SMR info:
_java_thread_list=0x00000160dbd51240, length=13, elements={
0x00000160b5939f90, 0x00000160d51fec30, 0x00000160d51ff890, 0x00000160d5219140,
0x00000160d521aaf0, 0x00000160d521b490, 0x00000160d521be30, 0x00000160d5220280,
0x00000160d5228db0, 0x00000160d522c7b0, 0x00000160d948afe0, 0x00000160d94ae680,
0x00000160dc1e64d0
}

Java Threads: ( => current thread )
  0x00000160b5939f90 JavaThread "main" [_thread_blocked, id=16052, stack(0x0000003c3e000000,0x0000003c3e100000)]
  0x00000160d51fec30 JavaThread "Reference Handler" daemon [_thread_blocked, id=6156, stack(0x0000003c3e700000,0x0000003c3e800000)]
  0x00000160d51ff890 JavaThread "Finalizer" daemon [_thread_blocked, id=12328, stack(0x0000003c3e800000,0x0000003c3e900000)]
  0x00000160d5219140 JavaThread "Signal Dispatcher" daemon [_thread_blocked, id=9048, stack(0x0000003c3e900000,0x0000003c3ea00000)]
  0x00000160d521aaf0 JavaThread "Attach Listener" daemon [_thread_blocked, id=3252, stack(0x0000003c3ea00000,0x0000003c3eb00000)]
  0x00000160d521b490 JavaThread "Service Thread" daemon [_thread_blocked, id=8016, stack(0x0000003c3eb00000,0x0000003c3ec00000)]
  0x00000160d521be30 JavaThread "Monitor Deflation Thread" daemon [_thread_blocked, id=16480, stack(0x0000003c3ec00000,0x0000003c3ed00000)]
  0x00000160d5220280 JavaThread "C2 CompilerThread0" daemon [_thread_blocked, id=10988, stack(0x0000003c3ed00000,0x0000003c3ee00000)]
  0x00000160d5228db0 JavaThread "C1 CompilerThread0" daemon [_thread_blocked, id=4384, stack(0x0000003c3ee00000,0x0000003c3ef00000)]
  0x00000160d522c7b0 JavaThread "Sweeper thread" daemon [_thread_blocked, id=13080, stack(0x0000003c3ef00000,0x0000003c3f000000)]
  0x00000160d948afe0 JavaThread "Notification Thread" daemon [_thread_blocked, id=10772, stack(0x0000003c3f000000,0x0000003c3f100000)]
  0x00000160d94ae680 JavaThread "Common-Cleaner" daemon [_thread_blocked, id=8828, stack(0x0000003c3f200000,0x0000003c3f300000)]
  0x00000160dc1e64d0 JavaThread "C2 CompilerThread1" daemon [_thread_blocked, id=13104, stack(0x0000003c3f700000,0x0000003c3f800000)]

Other Threads:
=>0x00000160b79f8b60 VMThread "VM Thread" [stack: 0x0000003c3e600000,0x0000003c3e700000] [id=18228]
  0x00000160b7a4b800 WatcherThread "VM Periodic Task Thread" [stack: 0x0000003c3f100000,0x0000003c3f200000] [id=5312]
  0x00000160b79e03b0 WorkerThread "GC Thread#0" [stack: 0x0000003c3e100000,0x0000003c3e200000] [id=6408]
  0x00000160d94bdbc0 WorkerThread "GC Thread#1" [stack: 0x0000003c3f300000,0x0000003c3f400000] [id=17592]
  0x00000160d9ab3ee0 WorkerThread "GC Thread#2" [stack: 0x0000003c3f400000,0x0000003c3f500000] [id=9188]
  0x00000160d9f34f40 WorkerThread "GC Thread#3" [stack: 0x0000003c3f500000,0x0000003c3f600000] [id=8376]
  0x00000160b79f0ea0 ConcurrentGCThread "G1 Main Marker" [stack: 0x0000003c3e200000,0x0000003c3e300000] [id=4496]
  0x00000160b79f2030 WorkerThread "G1 Conc#0" [stack: 0x0000003c3e300000,0x0000003c3e400000] [id=12612]
  0x00000160b7a31ce0 ConcurrentGCThread "G1 Refine#0" [stack: 0x0000003c3e400000,0x0000003c3e500000] [id=11028]
  0x00000160d9ab4180 ConcurrentGCThread "G1 Refine#1" [stack: 0x0000003c3f600000,0x0000003c3f700000] [id=16864]
  0x00000160d9f7e4a0 ConcurrentGCThread "G1 Refine#2" [stack: 0x0000003c3f800000,0x0000003c3f900000] [id=14128]
  0x00000160b7a325f0 ConcurrentGCThread "G1 Service" [stack: 0x0000003c3e500000,0x0000003c3e600000] [id=7308]

Threads with active compile tasks:
C2 CompilerThread0     9210 7900       4       lombok.bytecode.ClassFileMetaData::decodeString (181 bytes)
C1 CompilerThread0     9210 7907   !   3       com.sun.tools.javac.comp.Attr::checkMethod (912 bytes)
C2 CompilerThread1     9210 7877       4       com.sun.tools.javac.comp.Attr$ResultInfo::<init> (18 bytes)

VM state: at safepoint (normal execution)

VM Mutex/Monitor currently owned by a thread:  ([mutex/lock_event])
[0x00000160b7983ea0] Threads_lock - owner thread: 0x00000160b79f8b60
[0x00000160b79840e0] Heap_lock - owner thread: 0x00000160b5939f90

Heap address: 0x0000000082200000, size: 2014 MB, Compressed Oops mode: 32-bit

CDS archive(s) mapped at: [0x0000000800000000-0x0000000800ba0000-0x0000000800ba0000), size 12189696, SharedBaseAddress: 0x0000000800000000, ArchiveRelocationMode: 0.
Compressed class space mapped at: 0x0000000800c00000-0x0000000840c00000, reserved size: 1073741824
Narrow klass base: 0x0000000800000000, Narrow klass shift: 0, Narrow klass range: 0x100000000

GC Precious Log:
 CardTable entry size: 512
 Card Set container configuration: InlinePtr #cards 5 size 8 Array Of Cards #cards 12 size 40 Howl #buckets 4 coarsen threshold 1843 Howl Bitmap #cards 512 size 80 coarsen threshold 460 Card regions per heap region 1 cards per card region 2048
 CPUs: 4 total, 4 available
 Memory: 8051M
 Large Page Support: Disabled
 NUMA Support: Disabled
 Compressed Oops: Enabled (32-bit)
 Heap Region Size: 1M
 Heap Min Capacity: 8M
 Heap Initial Capacity: 126M
 Heap Max Capacity: 2014M
 Pre-touch: Disabled
 Parallel Workers: 4
 Concurrent Workers: 1
 Concurrent Refinement Workers: 4
 Periodic GC: Disabled

Heap:
 garbage-first heap   total 134144K, used 43023K [0x0000000082200000, 0x0000000100000000)
  region size 1024K, 3 young (3072K), 3 survivors (3072K)
 Metaspace       used 30227K, committed 30720K, reserved 1114112K
  class space    used 3295K, committed 3520K, reserved 1048576K

Heap Regions: E=young(eden), S=young(survivor), O=old, HS=humongous(starts), HC=humongous(continues), CS=collection set, F=free, OA=open archive, CA=closed archive, TAMS=top-at-mark-start (previous, next)
|   0|0x0000000082200000, 0x0000000082300000, 0x0000000082300000|100%| O|  |TAMS 0x0000000082300000, 0x0000000082300000| Untracked 
|   1|0x0000000082300000, 0x0000000082400000, 0x0000000082400000|100%| O|  |TAMS 0x0000000082400000, 0x0000000082400000| Untracked 
|   2|0x0000000082400000, 0x0000000082500000, 0x0000000082500000|100%| O|  |TAMS 0x0000000082500000, 0x0000000082500000| Untracked 
|   3|0x0000000082500000, 0x0000000082600000, 0x0000000082600000|100%| O|  |TAMS 0x0000000082600000, 0x0000000082600000| Untracked 
|   4|0x0000000082600000, 0x0000000082700000, 0x0000000082700000|100%| O|  |TAMS 0x0000000082700000, 0x0000000082700000| Untracked 
|   5|0x0000000082700000, 0x0000000082800000, 0x0000000082800000|100%| O|  |TAMS 0x0000000082800000, 0x0000000082800000| Untracked 
|   6|0x0000000082800000, 0x0000000082900000, 0x0000000082900000|100%| O|  |TAMS 0x0000000082900000, 0x0000000082900000| Untracked 
|   7|0x0000000082900000, 0x0000000082a00000, 0x0000000082a00000|100%| O|  |TAMS 0x0000000082a00000, 0x0000000082a00000| Untracked 
|   8|0x0000000082a00000, 0x0000000082b00000, 0x0000000082b00000|100%| O|  |TAMS 0x0000000082b00000, 0x0000000082b00000| Untracked 
|   9|0x0000000082b00000, 0x0000000082c00000, 0x0000000082c00000|100%|HS|  |TAMS 0x0000000082c00000, 0x0000000082c00000| Complete 
|  10|0x0000000082c00000, 0x0000000082d00000, 0x0000000082d00000|100%|HS|  |TAMS 0x0000000082d00000, 0x0000000082d00000| Complete 
|  11|0x0000000082d00000, 0x0000000082e00000, 0x0000000082e00000|100%| O|  |TAMS 0x0000000082e00000, 0x0000000082e00000| Untracked 
|  12|0x0000000082e00000, 0x0000000082f00000, 0x0000000082f00000|100%| O|  |TAMS 0x0000000082f00000, 0x0000000082f00000| Untracked 
|  13|0x0000000082f00000, 0x0000000083000000, 0x0000000083000000|100%| O|  |TAMS 0x0000000083000000, 0x0000000083000000| Untracked 
|  14|0x0000000083000000, 0x0000000083100000, 0x0000000083100000|100%| O|  |TAMS 0x0000000083100000, 0x0000000083100000| Untracked 
|  15|0x0000000083100000, 0x0000000083200000, 0x0000000083200000|100%| O|  |TAMS 0x0000000083200000, 0x0000000083200000| Untracked 
|  16|0x0000000083200000, 0x0000000083300000, 0x0000000083300000|100%| O|  |TAMS 0x0000000083300000, 0x0000000083300000| Untracked 
|  17|0x0000000083300000, 0x0000000083400000, 0x0000000083400000|100%| O|  |TAMS 0x0000000083400000, 0x0000000083400000| Untracked 
|  18|0x0000000083400000, 0x0000000083500000, 0x0000000083500000|100%| O|  |TAMS 0x0000000083500000, 0x0000000083500000| Untracked 
|  19|0x0000000083500000, 0x0000000083600000, 0x0000000083600000|100%| O|  |TAMS 0x0000000083600000, 0x0000000083600000| Untracked 
|  20|0x0000000083600000, 0x0000000083700000, 0x0000000083700000|100%| O|  |TAMS 0x0000000083700000, 0x0000000083700000| Untracked 
|  21|0x0000000083700000, 0x0000000083800000, 0x0000000083800000|100%| O|  |TAMS 0x0000000083800000, 0x0000000083800000| Untracked 
|  22|0x0000000083800000, 0x0000000083900000, 0x0000000083900000|100%|HS|  |TAMS 0x0000000083900000, 0x0000000083900000| Complete 
|  23|0x0000000083900000, 0x0000000083a00000, 0x0000000083a00000|100%| O|  |TAMS 0x0000000083a00000, 0x0000000083a00000| Untracked 
|  24|0x0000000083a00000, 0x0000000083b00000, 0x0000000083b00000|100%| O|  |TAMS 0x0000000083b00000, 0x0000000083b00000| Untracked 
|  25|0x0000000083b00000, 0x0000000083c00000, 0x0000000083c00000|100%| O|  |TAMS 0x0000000083c00000, 0x0000000083c00000| Untracked 
|  26|0x0000000083c00000, 0x0000000083d00000, 0x0000000083d00000|100%| O|  |TAMS 0x0000000083d00000, 0x0000000083d00000| Untracked 
|  27|0x0000000083d00000, 0x0000000083e00000, 0x0000000083e00000|100%| O|  |TAMS 0x0000000083e00000, 0x0000000083e00000| Untracked 
|  28|0x0000000083e00000, 0x0000000083f00000, 0x0000000083f00000|100%| O|  |TAMS 0x0000000083f00000, 0x0000000083f00000| Untracked 
|  29|0x0000000083f00000, 0x0000000084000000, 0x0000000084000000|100%| O|  |TAMS 0x0000000084000000, 0x0000000084000000| Untracked 
|  30|0x0000000084000000, 0x0000000084100000, 0x0000000084100000|100%| O|  |TAMS 0x0000000084100000, 0x0000000084100000| Untracked 
|  31|0x0000000084100000, 0x0000000084200000, 0x0000000084200000|100%| O|  |TAMS 0x0000000084200000, 0x0000000084200000| Untracked 
|  32|0x0000000084200000, 0x0000000084300000, 0x0000000084300000|100%| O|  |TAMS 0x0000000084300000, 0x0000000084300000| Untracked 
|  33|0x0000000084300000, 0x0000000084400000, 0x0000000084400000|100%| O|  |TAMS 0x0000000084400000, 0x0000000084400000| Untracked 
|  34|0x0000000084400000, 0x00000000844b2c00, 0x0000000084500000| 69%| O|  |TAMS 0x00000000844b2c00, 0x00000000844b2c00| Untracked 
|  35|0x0000000084500000, 0x0000000084500000, 0x0000000084600000|  0%| F|  |TAMS 0x0000000084500000, 0x0000000084500000| Untracked 
|  36|0x0000000084600000, 0x0000000084600000, 0x0000000084700000|  0%| F|  |TAMS 0x0000000084600000, 0x0000000084600000| Untracked 
|  37|0x0000000084700000, 0x0000000084700000, 0x0000000084800000|  0%| F|  |TAMS 0x0000000084700000, 0x0000000084700000| Untracked 
|  38|0x0000000084800000, 0x0000000084800000, 0x0000000084900000|  0%| F|  |TAMS 0x0000000084800000, 0x0000000084800000| Untracked 
|  39|0x0000000084900000, 0x0000000084900000, 0x0000000084a00000|  0%| F|  |TAMS 0x0000000084900000, 0x0000000084900000| Untracked 
|  40|0x0000000084a00000, 0x0000000084a00000, 0x0000000084b00000|  0%| F|  |TAMS 0x0000000084a00000, 0x0000000084a00000| Untracked 
|  41|0x0000000084b00000, 0x0000000084b00000, 0x0000000084c00000|  0%| F|  |TAMS 0x0000000084b00000, 0x0000000084b00000| Untracked 
|  42|0x0000000084c00000, 0x0000000084c00000, 0x0000000084d00000|  0%| F|  |TAMS 0x0000000084c00000, 0x0000000084c00000| Untracked 
|  43|0x0000000084d00000, 0x0000000084d00000, 0x0000000084e00000|  0%| F|  |TAMS 0x0000000084d00000, 0x0000000084d00000| Untracked 
|  44|0x0000000084e00000, 0x0000000084e00000, 0x0000000084f00000|  0%| F|  |TAMS 0x0000000084e00000, 0x0000000084e00000| Untracked 
|  45|0x0000000084f00000, 0x0000000084f00000, 0x0000000085000000|  0%| F|  |TAMS 0x0000000084f00000, 0x0000000084f00000| Untracked 
|  46|0x0000000085000000, 0x00000000850510c0, 0x0000000085100000| 31%| S|CS|TAMS 0x0000000085000000, 0x0000000085000000| Complete 
|  47|0x0000000085100000, 0x0000000085200000, 0x0000000085200000|100%| S|CS|TAMS 0x0000000085100000, 0x0000000085100000| Complete 
|  48|0x0000000085200000, 0x0000000085200000, 0x0000000085300000|  0%| F|  |TAMS 0x0000000085200000, 0x0000000085200000| Untracked 
|  49|0x0000000085300000, 0x0000000085300000, 0x0000000085400000|  0%| F|  |TAMS 0x0000000085300000, 0x0000000085300000| Untracked 
|  50|0x0000000085400000, 0x0000000085500000, 0x0000000085500000|100%| S|CS|TAMS 0x0000000085400000, 0x0000000085400000| Complete 
|  51|0x0000000085500000, 0x0000000085500000, 0x0000000085600000|  0%| F|  |TAMS 0x0000000085500000, 0x0000000085500000| Untracked 
|  52|0x0000000085600000, 0x0000000085600000, 0x0000000085700000|  0%| F|  |TAMS 0x0000000085600000, 0x0000000085600000| Untracked 
|  53|0x0000000085700000, 0x0000000085700000, 0x0000000085800000|  0%| F|  |TAMS 0x0000000085700000, 0x0000000085700000| Untracked 
|  54|0x0000000085800000, 0x0000000085800000, 0x0000000085900000|  0%| F|  |TAMS 0x0000000085800000, 0x0000000085800000| Untracked 
|  55|0x0000000085900000, 0x0000000085900000, 0x0000000085a00000|  0%| F|  |TAMS 0x0000000085900000, 0x0000000085900000| Untracked 
|  56|0x0000000085a00000, 0x0000000085a00000, 0x0000000085b00000|  0%| F|  |TAMS 0x0000000085a00000, 0x0000000085a00000| Untracked 
|  57|0x0000000085b00000, 0x0000000085b00000, 0x0000000085c00000|  0%| F|  |TAMS 0x0000000085b00000, 0x0000000085b00000| Untracked 
|  58|0x0000000085c00000, 0x0000000085c00000, 0x0000000085d00000|  0%| F|  |TAMS 0x0000000085c00000, 0x0000000085c00000| Untracked 
|  59|0x0000000085d00000, 0x0000000085d00000, 0x0000000085e00000|  0%| F|  |TAMS 0x0000000085d00000, 0x0000000085d00000| Untracked 
|  60|0x0000000085e00000, 0x0000000085e00000, 0x0000000085f00000|  0%| F|  |TAMS 0x0000000085e00000, 0x0000000085e00000| Untracked 
|  61|0x0000000085f00000, 0x0000000085f00000, 0x0000000086000000|  0%| F|  |TAMS 0x0000000085f00000, 0x0000000085f00000| Untracked 
|  62|0x0000000086000000, 0x0000000086000000, 0x0000000086100000|  0%| F|  |TAMS 0x0000000086000000, 0x0000000086000000| Untracked 
|  63|0x0000000086100000, 0x0000000086100000, 0x0000000086200000|  0%| F|  |TAMS 0x0000000086100000, 0x0000000086100000| Untracked 
|  64|0x0000000086200000, 0x0000000086200000, 0x0000000086300000|  0%| F|  |TAMS 0x0000000086200000, 0x0000000086200000| Untracked 
|  65|0x0000000086300000, 0x0000000086300000, 0x0000000086400000|  0%| F|  |TAMS 0x0000000086300000, 0x0000000086300000| Untracked 
|  66|0x0000000086400000, 0x0000000086400000, 0x0000000086500000|  0%| F|  |TAMS 0x0000000086400000, 0x0000000086400000| Untracked 
|  67|0x0000000086500000, 0x0000000086500000, 0x0000000086600000|  0%| F|  |TAMS 0x0000000086500000, 0x0000000086500000| Untracked 
|  68|0x0000000086600000, 0x0000000086600000, 0x0000000086700000|  0%| F|  |TAMS 0x0000000086600000, 0x0000000086600000| Untracked 
|  69|0x0000000086700000, 0x0000000086700000, 0x0000000086800000|  0%| F|  |TAMS 0x0000000086700000, 0x0000000086700000| Untracked 
|  70|0x0000000086800000, 0x0000000086800000, 0x0000000086900000|  0%| F|  |TAMS 0x0000000086800000, 0x0000000086800000| Untracked 
|  71|0x0000000086900000, 0x0000000086900000, 0x0000000086a00000|  0%| F|  |TAMS 0x0000000086900000, 0x0000000086900000| Untracked 
|  72|0x0000000086a00000, 0x0000000086a00000, 0x0000000086b00000|  0%| F|  |TAMS 0x0000000086a00000, 0x0000000086a00000| Untracked 
|  73|0x0000000086b00000, 0x0000000086b00000, 0x0000000086c00000|  0%| F|  |TAMS 0x0000000086b00000, 0x0000000086b00000| Untracked 
|  74|0x0000000086c00000, 0x0000000086c00000, 0x0000000086d00000|  0%| F|  |TAMS 0x0000000086c00000, 0x0000000086c00000| Untracked 
|  75|0x0000000086d00000, 0x0000000086d00000, 0x0000000086e00000|  0%| F|  |TAMS 0x0000000086d00000, 0x0000000086d00000| Untracked 
|  76|0x0000000086e00000, 0x0000000086e00000, 0x0000000086f00000|  0%| F|  |TAMS 0x0000000086e00000, 0x0000000086e00000| Untracked 
|  77|0x0000000086f00000, 0x0000000086f00000, 0x0000000087000000|  0%| F|  |TAMS 0x0000000086f00000, 0x0000000086f00000| Untracked 
|  78|0x0000000087000000, 0x0000000087000000, 0x0000000087100000|  0%| F|  |TAMS 0x0000000087000000, 0x0000000087000000| Untracked 
|  79|0x0000000087100000, 0x0000000087100000, 0x0000000087200000|  0%| F|  |TAMS 0x0000000087100000, 0x0000000087100000| Untracked 
|  80|0x0000000087200000, 0x0000000087200000, 0x0000000087300000|  0%| F|  |TAMS 0x0000000087200000, 0x0000000087200000| Untracked 
|  81|0x0000000087300000, 0x0000000087300000, 0x0000000087400000|  0%| F|  |TAMS 0x0000000087300000, 0x0000000087300000| Untracked 
|  82|0x0000000087400000, 0x0000000087400000, 0x0000000087500000|  0%| F|  |TAMS 0x0000000087400000, 0x0000000087400000| Untracked 
|  83|0x0000000087500000, 0x0000000087500000, 0x0000000087600000|  0%| F|  |TAMS 0x0000000087500000, 0x0000000087500000| Untracked 
|  84|0x0000000087600000, 0x0000000087600000, 0x0000000087700000|  0%| F|  |TAMS 0x0000000087600000, 0x0000000087600000| Untracked 
|  85|0x0000000087700000, 0x0000000087700000, 0x0000000087800000|  0%| F|  |TAMS 0x0000000087700000, 0x0000000087700000| Untracked 
|  86|0x0000000087800000, 0x0000000087800000, 0x0000000087900000|  0%| F|  |TAMS 0x0000000087800000, 0x0000000087800000| Untracked 
|  87|0x0000000087900000, 0x0000000087900000, 0x0000000087a00000|  0%| F|  |TAMS 0x0000000087900000, 0x0000000087900000| Untracked 
|  88|0x0000000087a00000, 0x0000000087a00000, 0x0000000087b00000|  0%| F|  |TAMS 0x0000000087a00000, 0x0000000087a00000| Untracked 
|  89|0x0000000087b00000, 0x0000000087b00000, 0x0000000087c00000|  0%| F|  |TAMS 0x0000000087b00000, 0x0000000087b00000| Untracked 
|  90|0x0000000087c00000, 0x0000000087c00000, 0x0000000087d00000|  0%| F|  |TAMS 0x0000000087c00000, 0x0000000087c00000| Untracked 
|  91|0x0000000087d00000, 0x0000000087d00000, 0x0000000087e00000|  0%| F|  |TAMS 0x0000000087d00000, 0x0000000087d00000| Untracked 
|  92|0x0000000087e00000, 0x0000000087e00000, 0x0000000087f00000|  0%| F|  |TAMS 0x0000000087e00000, 0x0000000087e00000| Untracked 
|  93|0x0000000087f00000, 0x0000000087f00000, 0x0000000088000000|  0%| F|  |TAMS 0x0000000087f00000, 0x0000000087f00000| Untracked 
|  94|0x0000000088000000, 0x0000000088000000, 0x0000000088100000|  0%| F|  |TAMS 0x0000000088000000, 0x0000000088000000| Untracked 
|  95|0x0000000088100000, 0x0000000088100000, 0x0000000088200000|  0%| F|  |TAMS 0x0000000088100000, 0x0000000088100000| Untracked 
|  96|0x0000000088200000, 0x0000000088200000, 0x0000000088300000|  0%| F|  |TAMS 0x0000000088200000, 0x0000000088200000| Untracked 
|  97|0x0000000088300000, 0x0000000088300000, 0x0000000088400000|  0%| F|  |TAMS 0x0000000088300000, 0x0000000088300000| Untracked 
|  98|0x0000000088400000, 0x0000000088400000, 0x0000000088500000|  0%| F|  |TAMS 0x0000000088400000, 0x0000000088400000| Untracked 
|  99|0x0000000088500000, 0x0000000088500000, 0x0000000088600000|  0%| F|  |TAMS 0x0000000088500000, 0x0000000088500000| Untracked 
| 100|0x0000000088600000, 0x0000000088600000, 0x0000000088700000|  0%| F|  |TAMS 0x0000000088600000, 0x0000000088600000| Untracked 
| 101|0x0000000088700000, 0x0000000088700000, 0x0000000088800000|  0%| F|  |TAMS 0x0000000088700000, 0x0000000088700000| Untracked 
| 102|0x0000000088800000, 0x0000000088800000, 0x0000000088900000|  0%| F|  |TAMS 0x0000000088800000, 0x0000000088800000| Untracked 
| 103|0x0000000088900000, 0x0000000088900000, 0x0000000088a00000|  0%| F|  |TAMS 0x0000000088900000, 0x0000000088900000| Untracked 
| 104|0x0000000088a00000, 0x0000000088a00000, 0x0000000088b00000|  0%| F|  |TAMS 0x0000000088a00000, 0x0000000088a00000| Untracked 
| 105|0x0000000088b00000, 0x0000000088b00000, 0x0000000088c00000|  0%| F|  |TAMS 0x0000000088b00000, 0x0000000088b00000| Untracked 
| 106|0x0000000088c00000, 0x0000000088c00000, 0x0000000088d00000|  0%| F|  |TAMS 0x0000000088c00000, 0x0000000088c00000| Untracked 
| 107|0x0000000088d00000, 0x0000000088d00000, 0x0000000088e00000|  0%| F|  |TAMS 0x0000000088d00000, 0x0000000088d00000| Untracked 
| 108|0x0000000088e00000, 0x0000000088e00000, 0x0000000088f00000|  0%| F|  |TAMS 0x0000000088e00000, 0x0000000088e00000| Untracked 
| 109|0x0000000088f00000, 0x0000000088f00000, 0x0000000089000000|  0%| F|  |TAMS 0x0000000088f00000, 0x0000000088f00000| Untracked 
| 110|0x0000000089000000, 0x0000000089000000, 0x0000000089100000|  0%| F|  |TAMS 0x0000000089000000, 0x0000000089000000| Untracked 
| 111|0x0000000089100000, 0x0000000089100000, 0x0000000089200000|  0%| F|  |TAMS 0x0000000089100000, 0x0000000089100000| Untracked 
| 112|0x0000000089200000, 0x0000000089200000, 0x0000000089300000|  0%| F|  |TAMS 0x0000000089200000, 0x0000000089200000| Untracked 
| 113|0x0000000089300000, 0x0000000089300000, 0x0000000089400000|  0%| F|  |TAMS 0x0000000089300000, 0x0000000089300000| Untracked 
| 114|0x0000000089400000, 0x0000000089400000, 0x0000000089500000|  0%| F|  |TAMS 0x0000000089400000, 0x0000000089400000| Untracked 
| 115|0x0000000089500000, 0x0000000089500000, 0x0000000089600000|  0%| F|  |TAMS 0x0000000089500000, 0x0000000089500000| Untracked 
| 116|0x0000000089600000, 0x0000000089600000, 0x0000000089700000|  0%| F|  |TAMS 0x0000000089600000, 0x0000000089600000| Untracked 
| 117|0x0000000089700000, 0x0000000089700000, 0x0000000089800000|  0%| F|  |TAMS 0x0000000089700000, 0x0000000089700000| Untracked 
| 118|0x0000000089800000, 0x0000000089800000, 0x0000000089900000|  0%| F|  |TAMS 0x0000000089800000, 0x0000000089800000| Untracked 
| 119|0x0000000089900000, 0x0000000089900000, 0x0000000089a00000|  0%| F|  |TAMS 0x0000000089900000, 0x0000000089900000| Untracked 
| 120|0x0000000089a00000, 0x0000000089a00000, 0x0000000089b00000|  0%| F|  |TAMS 0x0000000089a00000, 0x0000000089a00000| Untracked 
| 121|0x0000000089b00000, 0x0000000089b00000, 0x0000000089c00000|  0%| F|  |TAMS 0x0000000089b00000, 0x0000000089b00000| Untracked 
| 122|0x0000000089c00000, 0x0000000089c00000, 0x0000000089d00000|  0%| F|  |TAMS 0x0000000089c00000, 0x0000000089c00000| Untracked 
| 123|0x0000000089d00000, 0x0000000089d00000, 0x0000000089e00000|  0%| F|  |TAMS 0x0000000089d00000, 0x0000000089d00000| Untracked 
| 124|0x0000000089e00000, 0x0000000089e00000, 0x0000000089f00000|  0%| F|  |TAMS 0x0000000089e00000, 0x0000000089e00000| Untracked 
| 125|0x0000000089f00000, 0x0000000089f00000, 0x000000008a000000|  0%| F|  |TAMS 0x0000000089f00000, 0x0000000089f00000| Untracked 
|2009|0x00000000ffb00000, 0x00000000ffc00000, 0x00000000ffc00000|100%| O|  |TAMS 0x00000000ffc00000, 0x00000000ffc00000| Untracked 
|2010|0x00000000ffc00000, 0x00000000ffd00000, 0x00000000ffd00000|100%| O|  |TAMS 0x00000000ffd00000, 0x00000000ffd00000| Untracked 
|2011|0x00000000ffd00000, 0x00000000ffe00000, 0x00000000ffe00000|100%| O|  |TAMS 0x00000000ffe00000, 0x00000000ffe00000| Untracked 
|2012|0x00000000ffe00000, 0x00000000fff00000, 0x00000000fff00000|100%| O|  |TAMS 0x00000000fff00000, 0x00000000fff00000| Untracked 
|2013|0x00000000fff00000, 0x0000000100000000, 0x0000000100000000|100%| O|  |TAMS 0x0000000100000000, 0x0000000100000000| Untracked 

Card table byte_map: [0x00000160ce6b0000,0x00000160ceaa0000] _byte_map_base: 0x00000160ce29f000

Marking Bits (Prev, Next): (CMBitMap*) 0x00000160b79e09f0, (CMBitMap*) 0x00000160b79e09b0
 Prev Bits: [0x00000160d0e10000, 0x00000160d2d88000)
 Next Bits: [0x00000160cee90000, 0x00000160d0e08000)

Polling page: 0x00000160b5810000

Metaspace:

Usage:
  Non-class:     26.30 MB used.
      Class:      3.22 MB used.
       Both:     29.52 MB used.

Virtual space:
  Non-class space:       64.00 MB reserved,      26.56 MB ( 42%) committed,  1 nodes.
      Class space:        1.00 GB reserved,       3.44 MB ( <1%) committed,  1 nodes.
             Both:        1.06 GB reserved,      30.00 MB (  3%) committed. 

Chunk freelists:
   Non-Class:  1.36 MB
       Class:  551.00 KB
        Both:  1.90 MB

MaxMetaspaceSize: unlimited
CompressedClassSpaceSize: 1.00 GB
Initial GC threshold: 21.00 MB
Current GC threshold: 47.19 MB
CDS: on
MetaspaceReclaimPolicy: balanced
 - commit_granule_bytes: 65536.
 - commit_granule_words: 8192.
 - virtual_space_node_default_size: 8388608.
 - enlarge_chunks_in_place: 1.
 - new_chunks_are_fully_committed: 0.
 - uncommit_free_chunks: 1.
 - use_allocation_guard: 0.


Internal statistics:

num_allocs_failed_limit: 8.
num_arena_births: 326.
num_arena_deaths: 0.
num_vsnodes_births: 2.
num_vsnodes_deaths: 0.
num_space_committed: 480.
num_space_uncommitted: 0.
num_chunks_returned_to_freelist: 8.
num_chunks_taken_from_freelist: 1459.
num_chunk_merges: 8.
num_chunk_splits: 1035.
num_chunks_enlarged: 809.
num_inconsistent_stats: 0.

CodeHeap 'non-profiled nmethods': size=120000Kb used=3611Kb max_used=3611Kb free=116388Kb
 bounds [0x00000160c6d90000, 0x00000160c7120000, 0x00000160ce2c0000]
CodeHeap 'profiled nmethods': size=120000Kb used=15470Kb max_used=15470Kb free=104529Kb
 bounds [0x00000160bf860000, 0x00000160c0780000, 0x00000160c6d90000]
CodeHeap 'non-nmethods': size=5760Kb used=1231Kb max_used=1305Kb free=4528Kb
 bounds [0x00000160bf2c0000, 0x00000160bf530000, 0x00000160bf860000]
 total_blobs=7614 nmethods=7088 adapters=438
 compilation: enabled
              stopped_count=0, restarted_count=0
 full_count=0

Compilation events (20 events):
Event: 9.094 Thread 0x00000160d5228db0 7893       3       com.sun.tools.javac.jvm.Items$MemberItem::<init> (32 bytes)
Event: 9.094 Thread 0x00000160dc1e64d0 7885       4       com.sun.tools.javac.code.Types$12::visitClassType (10 bytes)
Event: 9.094 Thread 0x00000160d5228db0 nmethod 7893 0x00000160c0779110 code [0x00000160c07792e0, 0x00000160c07796f8]
Event: 9.094 Thread 0x00000160d5228db0 7894       3       com.sun.tools.javac.jvm.Items$MemberItem::invoke (120 bytes)
Event: 9.095 Thread 0x00000160d5228db0 nmethod 7894 0x00000160c0779890 code [0x00000160c0779aa0, 0x00000160c077a0f8]
Event: 9.095 Thread 0x00000160d5228db0 7899       3       com.sun.tools.javac.jvm.PoolWriter::putMember (9 bytes)
Event: 9.095 Thread 0x00000160d5228db0 nmethod 7899 0x00000160c077a410 code [0x00000160c077a5c0, 0x00000160c077a708]
Event: 9.095 Thread 0x00000160dc1e64d0 nmethod 7885 0x00000160c7116710 code [0x00000160c71168a0, 0x00000160c7116988]
Event: 9.095 Thread 0x00000160dc1e64d0 7877       4       com.sun.tools.javac.comp.Attr$ResultInfo::<init> (18 bytes)
Event: 9.096 Thread 0x00000160d5228db0 7901       1       com.sun.tools.javac.comp.Resolve$MethodCheckContext::deferredAttrContext (5 bytes)
Event: 9.096 Thread 0x00000160d5228db0 nmethod 7901 0x00000160c7116a90 code [0x00000160c7116c20, 0x00000160c7116cf8]
Event: 9.096 Thread 0x00000160d5228db0 7902       3       com.sun.tools.javac.code.Type$DelegatedType::getReturnType (8 bytes)
Event: 9.096 Thread 0x00000160d5228db0 nmethod 7902 0x00000160c077a810 code [0x00000160c077a9c0, 0x00000160c077ab88]
Event: 9.096 Thread 0x00000160d5228db0 7903       3       com.sun.tools.javac.comp.Attr::attribStats (31 bytes)
Event: 9.097 Thread 0x00000160d5228db0 nmethod 7903 0x00000160c077ac90 code [0x00000160c077ae60, 0x00000160c077b2c8]
Event: 9.097 Thread 0x00000160d5228db0 7904       3       com.sun.tools.javac.comp.Resolve$12::doLookup (33 bytes)
Event: 9.097 Thread 0x00000160d5228db0 nmethod 7904 0x00000160c077b410 code [0x00000160c077b5c0, 0x00000160c077b888]
Event: 9.097 Thread 0x00000160d5228db0 7906       3       com.sun.tools.javac.comp.Attr::checkMethodIdInternal (46 bytes)
Event: 9.097 Thread 0x00000160d5228db0 nmethod 7906 0x00000160c077b990 code [0x00000160c077bb60, 0x00000160c077be38]
Event: 9.097 Thread 0x00000160d5228db0 7907   !   3       com.sun.tools.javac.comp.Attr::checkMethod (912 bytes)

GC Heap History (20 events):
Event: 2.908 GC heap after
{Heap after GC invocations=4 (full 0):
 garbage-first heap   total 129024K, used 13570K [0x0000000082200000, 0x0000000100000000)
  region size 1024K, 4 young (4096K), 4 survivors (4096K)
 Metaspace       used 16089K, committed 16384K, reserved 1114112K
  class space    used 1788K, committed 1920K, reserved 1048576K
}
Event: 6.089 GC heap before
{Heap before GC invocations=4 (full 0):
 garbage-first heap   total 129024K, used 57602K [0x0000000082200000, 0x0000000100000000)
  region size 1024K, 46 young (47104K), 4 survivors (4096K)
 Metaspace       used 21199K, committed 21504K, reserved 1114112K
  class space    used 2399K, committed 2560K, reserved 1048576K
}
Event: 6.095 GC heap after
{Heap after GC invocations=5 (full 0):
 garbage-first heap   total 129024K, used 15887K [0x0000000082200000, 0x0000000100000000)
  region size 1024K, 7 young (7168K), 7 survivors (7168K)
 Metaspace       used 21199K, committed 21504K, reserved 1114112K
  class space    used 2399K, committed 2560K, reserved 1048576K
}
Event: 6.754 GC heap before
{Heap before GC invocations=6 (full 0):
 garbage-first heap   total 61440K, used 47631K [0x0000000082200000, 0x0000000100000000)
  region size 1024K, 36 young (36864K), 7 survivors (7168K)
 Metaspace       used 25323K, committed 25664K, reserved 1114112K
  class space    used 2819K, committed 2944K, reserved 1048576K
}
Event: 6.771 GC heap after
{Heap after GC invocations=7 (full 0):
 garbage-first heap   total 66560K, used 27452K [0x0000000082200000, 0x0000000100000000)
  region size 1024K, 5 young (5120K), 5 survivors (5120K)
 Metaspace       used 25323K, committed 25664K, reserved 1114112K
  class space    used 2819K, committed 2944K, reserved 1048576K
}
Event: 6.780 GC heap before
{Heap before GC invocations=7 (full 0):
 garbage-first heap   total 66560K, used 28476K [0x0000000082200000, 0x0000000100000000)
  region size 1024K, 6 young (6144K), 5 survivors (5120K)
 Metaspace       used 25325K, committed 25664K, reserved 1114112K
  class space    used 2819K, committed 2944K, reserved 1048576K
}
Event: 6.784 GC heap after
{Heap after GC invocations=8 (full 0):
 garbage-first heap   total 79872K, used 28548K [0x0000000082200000, 0x0000000100000000)
  region size 1024K, 1 young (1024K), 1 survivors (1024K)
 Metaspace       used 25325K, committed 25664K, reserved 1114112K
  class space    used 2819K, committed 2944K, reserved 1048576K
}
Event: 7.107 GC heap before
{Heap before GC invocations=8 (full 0):
 garbage-first heap   total 79872K, used 55172K [0x0000000082200000, 0x0000000100000000)
  region size 1024K, 27 young (27648K), 1 survivors (1024K)
 Metaspace       used 25762K, committed 26112K, reserved 1114112K
  class space    used 2874K, committed 3008K, reserved 1048576K
}
Event: 7.113 GC heap after
{Heap after GC invocations=9 (full 0):
 garbage-first heap   total 79872K, used 35312K [0x0000000082200000, 0x0000000100000000)
  region size 1024K, 4 young (4096K), 4 survivors (4096K)
 Metaspace       used 25762K, committed 26112K, reserved 1114112K
  class space    used 2874K, committed 3008K, reserved 1048576K
}
Event: 7.323 GC heap before
{Heap before GC invocations=9 (full 0):
 garbage-first heap   total 79872K, used 58864K [0x0000000082200000, 0x0000000100000000)
  region size 1024K, 26 young (26624K), 4 survivors (4096K)
 Metaspace       used 26428K, committed 26688K, reserved 1114112K
  class space    used 2905K, committed 3008K, reserved 1048576K
}
Event: 7.335 GC heap after
{Heap after GC invocations=10 (full 0):
 garbage-first heap   total 79872K, used 40755K [0x0000000082200000, 0x0000000100000000)
  region size 1024K, 4 young (4096K), 4 survivors (4096K)
 Metaspace       used 26428K, committed 26688K, reserved 1114112K
  class space    used 2905K, committed 3008K, reserved 1048576K
}
Event: 7.752 GC heap before
{Heap before GC invocations=10 (full 0):
 garbage-first heap   total 79872K, used 59187K [0x0000000082200000, 0x0000000100000000)
  region size 1024K, 23 young (23552K), 4 survivors (4096K)
 Metaspace       used 27765K, committed 28160K, reserved 1114112K
  class space    used 3053K, committed 3264K, reserved 1048576K
}
Event: 7.758 GC heap after
{Heap after GC invocations=11 (full 0):
 garbage-first heap   total 79872K, used 41657K [0x0000000082200000, 0x0000000100000000)
  region size 1024K, 1 young (1024K), 1 survivors (1024K)
 Metaspace       used 27765K, committed 28160K, reserved 1114112K
  class space    used 3053K, committed 3264K, reserved 1048576K
}
Event: 8.065 GC heap before
{Heap before GC invocations=12 (full 0):
 garbage-first heap   total 79872K, used 62137K [0x0000000082200000, 0x0000000100000000)
  region size 1024K, 21 young (21504K), 1 survivors (1024K)
 Metaspace       used 28411K, committed 28864K, reserved 1114112K
  class space    used 3119K, committed 3328K, reserved 1048576K
}
Event: 8.067 GC heap after
{Heap after GC invocations=13 (full 0):
 garbage-first heap   total 79872K, used 41537K [0x0000000082200000, 0x0000000100000000)
  region size 1024K, 1 young (1024K), 1 survivors (1024K)
 Metaspace       used 28411K, committed 28864K, reserved 1114112K
  class space    used 3119K, committed 3328K, reserved 1048576K
}
Event: 8.170 GC heap before
{Heap before GC invocations=13 (full 0):
 garbage-first heap   total 79872K, used 63041K [0x0000000082200000, 0x0000000100000000)
  region size 1024K, 22 young (22528K), 1 survivors (1024K)
 Metaspace       used 28506K, committed 28928K, reserved 1114112K
  class space    used 3124K, committed 3328K, reserved 1048576K
}
Event: 8.172 GC heap after
{Heap after GC invocations=14 (full 0):
 garbage-first heap   total 79872K, used 41542K [0x0000000082200000, 0x0000000100000000)
  region size 1024K, 1 young (1024K), 1 survivors (1024K)
 Metaspace       used 28506K, committed 28928K, reserved 1114112K
  class space    used 3124K, committed 3328K, reserved 1048576K
}
Event: 8.583 GC heap before
{Heap before GC invocations=15 (full 0):
 garbage-first heap   total 79872K, used 64070K [0x0000000082200000, 0x0000000100000000)
  region size 1024K, 23 young (23552K), 1 survivors (1024K)
 Metaspace       used 28732K, committed 29184K, reserved 1114112K
  class space    used 3131K, committed 3328K, reserved 1048576K
}
Event: 8.586 GC heap after
{Heap after GC invocations=16 (full 0):
 garbage-first heap   total 79872K, used 41835K [0x0000000082200000, 0x0000000100000000)
  region size 1024K, 2 young (2048K), 2 survivors (2048K)
 Metaspace       used 28732K, committed 29184K, reserved 1114112K
  class space    used 3131K, committed 3328K, reserved 1048576K
}
Event: 9.098 GC heap before
{Heap before GC invocations=16 (full 0):
 garbage-first heap   total 79872K, used 64363K [0x0000000082200000, 0x0000000100000000)
  region size 1024K, 24 young (24576K), 2 survivors (2048K)
 Metaspace       used 30227K, committed 30720K, reserved 1114112K
  class space    used 3295K, committed 3520K, reserved 1048576K
}

Deoptimization events (20 events):
Event: 9.066 Thread 0x00000160b5939f90 Uncommon trap: trap_request=0xffffffc6 fr.pc=0x00000160c7101510 relative=0x0000000000000870
Event: 9.066 Thread 0x00000160b5939f90 Uncommon trap: reason=bimorphic_or_optimized_type_check action=maybe_recompile pc=0x00000160c7101510 method=com.sun.tools.javac.code.Types.capture(Lcom/sun/tools/javac/code/Type;)Lcom/sun/tools/javac/code/Type; @ 13 c2
Event: 9.066 Thread 0x00000160b5939f90 DEOPT PACKING pc=0x00000160c7101510 sp=0x0000003c3e0fc940
Event: 9.066 Thread 0x00000160b5939f90 DEOPT UNPACKING pc=0x00000160bf3123a3 sp=0x0000003c3e0fc8b0 mode 2
Event: 9.086 Thread 0x00000160b5939f90 Uncommon trap: trap_request=0xffffffc6 fr.pc=0x00000160c7111ff8 relative=0x0000000000000938
Event: 9.086 Thread 0x00000160b5939f90 Uncommon trap: reason=bimorphic_or_optimized_type_check action=maybe_recompile pc=0x00000160c7111ff8 method=com.sun.tools.javac.code.Type$ClassType.isParameterized()Z @ 1 c2
Event: 9.086 Thread 0x00000160b5939f90 DEOPT PACKING pc=0x00000160c7111ff8 sp=0x0000003c3e0fc1d0
Event: 9.086 Thread 0x00000160b5939f90 DEOPT UNPACKING pc=0x00000160bf3123a3 sp=0x0000003c3e0fc0e0 mode 2
Event: 9.086 Thread 0x00000160b5939f90 Uncommon trap: trap_request=0xffffffc6 fr.pc=0x00000160c7111ff8 relative=0x0000000000000938
Event: 9.086 Thread 0x00000160b5939f90 Uncommon trap: reason=bimorphic_or_optimized_type_check action=maybe_recompile pc=0x00000160c7111ff8 method=com.sun.tools.javac.code.Type$ClassType.isParameterized()Z @ 1 c2
Event: 9.086 Thread 0x00000160b5939f90 DEOPT PACKING pc=0x00000160c7111ff8 sp=0x0000003c3e0fc950
Event: 9.086 Thread 0x00000160b5939f90 DEOPT UNPACKING pc=0x00000160bf3123a3 sp=0x0000003c3e0fc860 mode 2
Event: 9.096 Thread 0x00000160b5939f90 Uncommon trap: trap_request=0xffffffde fr.pc=0x00000160c7115ce4 relative=0x0000000000000544
Event: 9.096 Thread 0x00000160b5939f90 Uncommon trap: reason=class_check action=maybe_recompile pc=0x00000160c7115ce4 method=com.sun.tools.javac.comp.Attr.check(Lcom/sun/tools/javac/tree/JCTree;Lcom/sun/tools/javac/code/Type;Lcom/sun/tools/javac/code/Kinds$KindSelector;Lcom/sun/tools/javac/com
Event: 9.096 Thread 0x00000160b5939f90 DEOPT PACKING pc=0x00000160c7115ce4 sp=0x0000003c3e0fb220
Event: 9.096 Thread 0x00000160b5939f90 DEOPT UNPACKING pc=0x00000160bf3123a3 sp=0x0000003c3e0fb1f0 mode 2
Event: 9.096 Thread 0x00000160b5939f90 Uncommon trap: trap_request=0xffffffde fr.pc=0x00000160c7115ce4 relative=0x0000000000000544
Event: 9.096 Thread 0x00000160b5939f90 Uncommon trap: reason=class_check action=maybe_recompile pc=0x00000160c7115ce4 method=com.sun.tools.javac.comp.Attr.check(Lcom/sun/tools/javac/tree/JCTree;Lcom/sun/tools/javac/code/Type;Lcom/sun/tools/javac/code/Kinds$KindSelector;Lcom/sun/tools/javac/com
Event: 9.096 Thread 0x00000160b5939f90 DEOPT PACKING pc=0x00000160c7115ce4 sp=0x0000003c3e0fb810
Event: 9.096 Thread 0x00000160b5939f90 DEOPT UNPACKING pc=0x00000160bf3123a3 sp=0x0000003c3e0fb7e0 mode 2

Classes loaded (20 events):
Event: 7.812 Loading class java/util/Collections$UnmodifiableSortedSet
Event: 7.812 Loading class java/util/Collections$UnmodifiableSortedSet done
Event: 7.952 Loading class java/util/IdentityHashMap$EntrySet
Event: 7.952 Loading class java/util/IdentityHashMap$EntrySet done
Event: 7.952 Loading class java/util/IdentityHashMap$EntryIterator
Event: 7.952 Loading class java/util/IdentityHashMap$EntryIterator done
Event: 7.952 Loading class java/util/IdentityHashMap$EntryIterator$Entry
Event: 7.952 Loading class java/util/IdentityHashMap$EntryIterator$Entry done
Event: 8.791 Loading class java/util/function/ToIntBiFunction
Event: 8.791 Loading class java/util/function/ToIntBiFunction done
Event: 8.805 Loading class java/nio/file/Path$1
Event: 8.805 Loading class java/nio/file/Path$1 done
Event: 9.058 Loading class java/util/EnumMap$EntrySet
Event: 9.059 Loading class java/util/EnumMap$EntrySet done
Event: 9.059 Loading class java/util/EnumMap$EntryIterator
Event: 9.059 Loading class java/util/EnumMap$EnumMapIterator
Event: 9.059 Loading class java/util/EnumMap$EnumMapIterator done
Event: 9.059 Loading class java/util/EnumMap$EntryIterator done
Event: 9.059 Loading class java/util/EnumMap$EntryIterator$Entry
Event: 9.059 Loading class java/util/EnumMap$EntryIterator$Entry done

Classes unloaded (0 events):
No events

Classes redefined (0 events):
No events

Internal exceptions (20 events):
Event: 9.041 Thread 0x00000160b5939f90 Exception <a 'sun/nio/fs/WindowsException'{0x00000000857e9200}> (0x00000000857e9200) 
thrown [s\open\src\hotspot\share\prims\jni.cpp, line 516]
Event: 9.041 Thread 0x00000160b5939f90 Exception <a 'sun/nio/fs/WindowsException'{0x00000000856002e0}> (0x00000000856002e0) 
thrown [s\open\src\hotspot\share\prims\jni.cpp, line 516]
Event: 9.041 Thread 0x00000160b5939f90 Exception <a 'sun/nio/fs/WindowsException'{0x0000000085600580}> (0x0000000085600580) 
thrown [s\open\src\hotspot\share\prims\jni.cpp, line 516]
Event: 9.042 Thread 0x00000160b5939f90 Exception <a 'sun/nio/fs/WindowsException'{0x0000000085602180}> (0x0000000085602180) 
thrown [s\open\src\hotspot\share\prims\jni.cpp, line 516]
Event: 9.042 Thread 0x00000160b5939f90 Exception <a 'sun/nio/fs/WindowsException'{0x00000000856024b0}> (0x00000000856024b0) 
thrown [s\open\src\hotspot\share\prims\jni.cpp, line 516]
Event: 9.045 Thread 0x00000160b5939f90 Exception <a 'sun/nio/fs/WindowsException'{0x0000000085623348}> (0x0000000085623348) 
thrown [s\open\src\hotspot\share\prims\jni.cpp, line 516]
Event: 9.045 Thread 0x00000160b5939f90 Exception <a 'sun/nio/fs/WindowsException'{0x00000000856239d0}> (0x00000000856239d0) 
thrown [s\open\src\hotspot\share\prims\jni.cpp, line 516]
Event: 9.045 Thread 0x00000160b5939f90 Exception <a 'sun/nio/fs/WindowsException'{0x0000000085624158}> (0x0000000085624158) 
thrown [s\open\src\hotspot\share\prims\jni.cpp, line 516]
Event: 9.045 Thread 0x00000160b5939f90 Exception <a 'sun/nio/fs/WindowsException'{0x0000000085624860}> (0x0000000085624860) 
thrown [s\open\src\hotspot\share\prims\jni.cpp, line 516]
Event: 9.052 Thread 0x00000160b5939f90 Exception <a 'java/lang/NoSuchMethodError'{0x0000000085641df0}: 'int java.lang.invoke.DirectMethodHandle$Holder.invokeVirtual(java.lang.Object, java.lang.Object, java.lang.Object, java.lang.Object)'> (0x0000000085641df0) 
thrown [s\open\src\hotspot\share\interpreter\linkResolver.cpp, line 759]
Event: 9.053 Thread 0x00000160b5939f90 Exception <a 'java/lang/NoSuchMethodError'{0x000000008564cab0}: 'java.lang.Object java.lang.invoke.DirectMethodHandle$Holder.newInvokeSpecial(java.lang.Object, java.lang.Object, int, java.lang.Object)'> (0x000000008564cab0) 
thrown [s\open\src\hotspot\share\interpreter\linkResolver.cpp, line 759]
Event: 9.071 Thread 0x00000160b5939f90 Exception <a 'sun/nio/fs/WindowsException'{0x00000000856e3890}> (0x00000000856e3890) 
thrown [s\open\src\hotspot\share\prims\jni.cpp, line 516]
Event: 9.071 Thread 0x00000160b5939f90 Exception <a 'sun/nio/fs/WindowsException'{0x00000000856e3f20}> (0x00000000856e3f20) 
thrown [s\open\src\hotspot\share\prims\jni.cpp, line 516]
Event: 9.071 Thread 0x00000160b5939f90 Exception <a 'sun/nio/fs/WindowsException'{0x00000000856e46b0}> (0x00000000856e46b0) 
thrown [s\open\src\hotspot\share\prims\jni.cpp, line 516]
Event: 9.076 Thread 0x00000160b5939f90 Exception <a 'sun/nio/fs/WindowsException'{0x000000008550a470}> (0x000000008550a470) 
thrown [s\open\src\hotspot\share\prims\jni.cpp, line 516]
Event: 9.076 Thread 0x00000160b5939f90 Exception <a 'sun/nio/fs/WindowsException'{0x000000008550aaf8}> (0x000000008550aaf8) 
thrown [s\open\src\hotspot\share\prims\jni.cpp, line 516]
Event: 9.076 Thread 0x00000160b5939f90 Exception <a 'sun/nio/fs/WindowsException'{0x000000008550b280}> (0x000000008550b280) 
thrown [s\open\src\hotspot\share\prims\jni.cpp, line 516]
Event: 9.092 Thread 0x00000160b5939f90 Exception <a 'sun/nio/fs/WindowsException'{0x00000000855c39f0}> (0x00000000855c39f0) 
thrown [s\open\src\hotspot\share\prims\jni.cpp, line 516]
Event: 9.093 Thread 0x00000160b5939f90 Exception <a 'sun/nio/fs/WindowsException'{0x00000000855c4070}> (0x00000000855c4070) 
thrown [s\open\src\hotspot\share\prims\jni.cpp, line 516]
Event: 9.093 Thread 0x00000160b5939f90 Exception <a 'sun/nio/fs/WindowsException'{0x00000000855c47a8}> (0x00000000855c47a8) 
thrown [s\open\src\hotspot\share\prims\jni.cpp, line 516]

VM Operations (20 events):
Event: 8.790 Executing VM operation: HandshakeAllThreads done
Event: 8.792 Executing VM operation: ICBufferFull
Event: 8.792 Executing VM operation: ICBufferFull done
Event: 8.810 Executing VM operation: HandshakeAllThreads
Event: 8.810 Executing VM operation: HandshakeAllThreads done
Event: 8.895 Executing VM operation: ICBufferFull
Event: 8.895 Executing VM operation: ICBufferFull done
Event: 8.959 Executing VM operation: HandshakeAllThreads
Event: 8.960 Executing VM operation: HandshakeAllThreads done
Event: 8.961 Executing VM operation: HandshakeAllThreads
Event: 8.961 Executing VM operation: HandshakeAllThreads done
Event: 8.966 Executing VM operation: ICBufferFull
Event: 8.966 Executing VM operation: ICBufferFull done
Event: 9.033 Executing VM operation: ICBufferFull
Event: 9.033 Executing VM operation: ICBufferFull done
Event: 9.051 Executing VM operation: HandshakeAllThreads
Event: 9.051 Executing VM operation: HandshakeAllThreads done
Event: 9.089 Executing VM operation: ICBufferFull
Event: 9.089 Executing VM operation: ICBufferFull done
Event: 9.098 Executing VM operation: G1CollectForAllocation

Events (20 events):
Event: 6.547 Thread 0x00000160d522c7b0 flushing nmethod 0x00000160c0337c90
Event: 6.547 Thread 0x00000160d522c7b0 flushing nmethod 0x00000160c0339f10
Event: 6.547 Thread 0x00000160d522c7b0 flushing nmethod 0x00000160c0342190
Event: 6.547 Thread 0x00000160d522c7b0 flushing nmethod 0x00000160c0359610
Event: 6.547 Thread 0x00000160d522c7b0 flushing nmethod 0x00000160c035f010
Event: 6.547 Thread 0x00000160d522c7b0 flushing nmethod 0x00000160c0374390
Event: 6.547 Thread 0x00000160d522c7b0 flushing nmethod 0x00000160c0396590
Event: 6.547 Thread 0x00000160d522c7b0 flushing nmethod 0x00000160c0405810
Event: 6.547 Thread 0x00000160d522c7b0 flushing nmethod 0x00000160c0409c90
Event: 6.547 Thread 0x00000160d522c7b0 flushing nmethod 0x00000160c040a010
Event: 7.814 Thread 0x00000160d9f9ee50 Thread exited: 0x00000160d9f9ee50
Event: 8.011 Thread 0x00000160dc1e64d0 Thread added: 0x00000160dc1e64d0
Event: 8.970 Thread 0x00000160d522c7b0 flushing nmethod 0x00000160c03fff90
Event: 8.970 Thread 0x00000160d522c7b0 flushing nmethod 0x00000160c0400390
Event: 8.970 Thread 0x00000160d522c7b0 flushing nmethod 0x00000160c041e810
Event: 8.970 Thread 0x00000160d522c7b0 flushing nmethod 0x00000160c041f010
Event: 8.970 Thread 0x00000160d522c7b0 flushing nmethod 0x00000160c041f510
Event: 8.970 Thread 0x00000160d522c7b0 flushing nmethod 0x00000160c041fc10
Event: 8.970 Thread 0x00000160d522c7b0 flushing nmethod 0x00000160c0420410
Event: 8.970 Thread 0x00000160d522c7b0 flushing nmethod 0x00000160c0421890


Dynamic libraries:
0x00007ff63e910000 - 0x00007ff63e920000 	C:\Program Files\Java\jdk-18.0.2\bin\java.exe
0x00007fff76210000 - 0x00007fff76408000 	C:\Windows\SYSTEM32\ntdll.dll
0x00007fff751e0000 - 0x00007fff7529f000 	C:\Windows\System32\KERNEL32.DLL
0x00007fff739a0000 - 0x00007fff73c96000 	C:\Windows\System32\KERNELBASE.dll
0x00007fff73e00000 - 0x00007fff73f00000 	C:\Windows\System32\ucrtbase.dll
0x00007fff706b0000 - 0x00007fff706c8000 	C:\Program Files\Java\jdk-18.0.2\bin\jli.dll
0x00007fff75780000 - 0x00007fff7582f000 	C:\Windows\System32\ADVAPI32.dll
0x00007fff75b90000 - 0x00007fff75c2e000 	C:\Windows\System32\msvcrt.dll
0x00007fff760d0000 - 0x00007fff7616c000 	C:\Windows\System32\sechost.dll
0x00007fff75fa0000 - 0x00007fff760c6000 	C:\Windows\System32\RPCRT4.dll
0x00007fff70650000 - 0x00007fff7066a000 	C:\Program Files\Java\jdk-18.0.2\bin\VCRUNTIME140.dll
0x00007fff74270000 - 0x00007fff7440d000 	C:\Windows\System32\USER32.dll
0x00007fff73f00000 - 0x00007fff73f22000 	C:\Windows\System32\win32u.dll
0x00007fff750b0000 - 0x00007fff750dc000 	C:\Windows\System32\GDI32.dll
0x00007fff74100000 - 0x00007fff74215000 	C:\Windows\System32\gdi32full.dll
0x00007fff73ff0000 - 0x00007fff7408d000 	C:\Windows\System32\msvcp_win.dll
0x00007fff633d0000 - 0x00007fff6366a000 	C:\Windows\WinSxS\amd64_microsoft.windows.common-controls_6595b64144ccf1df_6.0.19041.1110_none_60b5254171f9507e\COMCTL32.dll
0x00007fff683c0000 - 0x00007fff683ca000 	C:\Windows\SYSTEM32\VERSION.dll
0x00007fff750e0000 - 0x00007fff75110000 	C:\Windows\System32\IMM32.DLL
0x00007fff706a0000 - 0x00007fff706ac000 	C:\Program Files\Java\jdk-18.0.2\bin\vcruntime140_1.dll
0x00007fff5d220000 - 0x00007fff5d2ad000 	C:\Program Files\Java\jdk-18.0.2\bin\msvcp140.dll
0x00007fff43980000 - 0x00007fff44591000 	C:\Program Files\Java\jdk-18.0.2\bin\server\jvm.dll
0x00007fff74fc0000 - 0x00007fff74fc8000 	C:\Windows\System32\PSAPI.DLL
0x00007fff58340000 - 0x00007fff58349000 	C:\Windows\SYSTEM32\WSOCK32.dll
0x00007fff54980000 - 0x00007fff549a7000 	C:\Windows\SYSTEM32\WINMM.dll
0x00007fff75db0000 - 0x00007fff75e1b000 	C:\Windows\System32\WS2_32.dll
0x00007fff71840000 - 0x00007fff71852000 	C:\Windows\SYSTEM32\kernel.appcore.dll
0x00007fff6f1e0000 - 0x00007fff6f1ea000 	C:\Program Files\Java\jdk-18.0.2\bin\jimage.dll
0x00007fff60490000 - 0x00007fff60674000 	C:\Windows\SYSTEM32\DBGHELP.DLL
0x00007fff60450000 - 0x00007fff60484000 	C:\Windows\SYSTEM32\dbgcore.DLL
0x00007fff73f30000 - 0x00007fff73fb2000 	C:\Windows\System32\bcryptPrimitives.dll
0x00007fff62150000 - 0x00007fff62175000 	C:\Program Files\Java\jdk-18.0.2\bin\java.dll
0x00007fff5d140000 - 0x00007fff5d216000 	C:\Program Files\Java\jdk-18.0.2\bin\jsvml.dll
0x00007fff74660000 - 0x00007fff74da4000 	C:\Windows\System32\SHELL32.dll
0x00007fff719b0000 - 0x00007fff72143000 	C:\Windows\SYSTEM32\windows.storage.dll
0x00007fff75830000 - 0x00007fff75b84000 	C:\Windows\System32\combase.dll
0x00007fff73330000 - 0x00007fff7335e000 	C:\Windows\SYSTEM32\Wldp.dll
0x00007fff75d00000 - 0x00007fff75dad000 	C:\Windows\System32\SHCORE.dll
0x00007fff74f60000 - 0x00007fff74fb5000 	C:\Windows\System32\shlwapi.dll
0x00007fff73820000 - 0x00007fff73845000 	C:\Windows\SYSTEM32\profapi.dll
0x00007fff62090000 - 0x00007fff620a3000 	C:\Program Files\Java\jdk-18.0.2\bin\net.dll
0x00007fff6a230000 - 0x00007fff6a33a000 	C:\Windows\SYSTEM32\WINHTTP.dll
0x00007fff73090000 - 0x00007fff730fa000 	C:\Windows\system32\mswsock.dll
0x00007fff62070000 - 0x00007fff62086000 	C:\Program Files\Java\jdk-18.0.2\bin\nio.dll
0x00007fff5daf0000 - 0x00007fff5db08000 	C:\Program Files\Java\jdk-18.0.2\bin\zip.dll
0x0000000069ac0000 - 0x0000000069ae4000 	D:\Programs\apache-maven-3.9.3\lib\jansi-native\Windows\x86_64\jansi.dll
0x00007fff6e490000 - 0x00007fff6e4a0000 	C:\Program Files\Java\jdk-18.0.2\bin\verify.dll
0x00007fff72a50000 - 0x00007fff72a83000 	C:\Windows\SYSTEM32\ntmarta.dll

dbghelp: loaded successfully - version: 4.0.5 - missing functions: none
symbol engine: initialized successfully - sym options: 0x614 - pdb path: .;C:\Program Files\Java\jdk-18.0.2\bin;C:\Windows\SYSTEM32;C:\Windows\WinSxS\amd64_microsoft.windows.common-controls_6595b64144ccf1df_6.0.19041.1110_none_60b5254171f9507e;C:\Program Files\Java\jdk-18.0.2\bin\server;D:\Programs\apache-maven-3.9.3\lib\jansi-native\Windows\x86_64

VM Arguments:
jvm_args: -Dclassworlds.conf=D:\Programs\apache-maven-3.9.3\bin\m2.conf -Dmaven.home=D:\Programs\apache-maven-3.9.3 -Dlibrary.jansi.path=D:\Programs\apache-maven-3.9.3\lib\jansi-native -Dmaven.multiModuleProjectDirectory=D:\automation\autofox
java_command: org.codehaus.plexus.classworlds.launcher.Launcher clean generate-test-resources
java_class_path (initial): D:\Programs\apache-maven-3.9.3\boot\plexus-classworlds-2.7.0.jar
Launcher Type: SUN_STANDARD

[Global flags]
     intx CICompilerCount                          = 3                                         {product} {ergonomic}
     uint ConcGCThreads                            = 1                                         {product} {ergonomic}
     uint G1ConcRefinementThreads                  = 4                                         {product} {ergonomic}
   size_t G1HeapRegionSize                         = 1048576                                   {product} {ergonomic}
    uintx GCDrainStackTargetSize                   = 64                                        {product} {ergonomic}
   size_t InitialHeapSize                          = 132120576                                 {product} {ergonomic}
   size_t MarkStackSize                            = 4194304                                   {product} {ergonomic}
   size_t MaxHeapSize                              = 2111832064                                {product} {ergonomic}
   size_t MaxNewSize                               = 1266679808                                {product} {ergonomic}
   size_t MinHeapDeltaBytes                        = 1048576                                   {product} {ergonomic}
   size_t MinHeapSize                              = 8388608                                   {product} {ergonomic}
    uintx NonNMethodCodeHeapSize                   = 5832780                                {pd product} {ergonomic}
    uintx NonProfiledCodeHeapSize                  = 122912730                              {pd product} {ergonomic}
    uintx ProfiledCodeHeapSize                     = 122912730                              {pd product} {ergonomic}
    uintx ReservedCodeCacheSize                    = 251658240                              {pd product} {ergonomic}
     bool SegmentedCodeCache                       = true                                      {product} {ergonomic}
   size_t SoftMaxHeapSize                          = 2111832064                             {manageable} {ergonomic}
     bool UseCompressedClassPointers               = true                           {product lp64_product} {ergonomic}
     bool UseCompressedOops                        = true                           {product lp64_product} {ergonomic}
     bool UseG1GC                                  = true                                      {product} {ergonomic}
     bool UseLargePagesIndividualAllocation        = false                                  {pd product} {ergonomic}

Logging:
Log output configuration:
 #0: stdout all=warning uptime,level,tags foldmultilines=false
 #1: stderr all=off uptime,level,tags foldmultilines=false

Environment Variables:
JAVA_HOME=C:\Program Files\Java\jdk-18.0.2
PATH=C:\Python311\Scripts\;C:\Python311\;C:\Program Files\Java\jdk-18.0.2\bin;D:\Programs\apache-maven-3.9.3\bin;C:\Program Files\Common Files\Oracle\Java\javapath;C:\Windows\system32;C:\Windows;C:\Windows\System32\Wbem;C:\Windows\System32\WindowsPowerShell\v1.0\;C:\Windows\System32\OpenSSH\;C:\Program Files\Git\cmd;D:\Development\Java\Integrations\Allure\allure-2_22_0\allure-2.22.0\bin;D:\Development\Java\Integrations\gradle-7.5.1-bin\gradle-7.5.1\bin;C:\Program Files\nodejs\;C:\ProgramData\chocolatey\bin;C:\Users\Mahmoud.Samy\AppData\Local\Microsoft\WindowsApps;C:\Users\Mahmoud.Samy\AppData\Local\GitHubDesktop\bin;C:\Users\Mahmoud.Samy\AppData\Local\Programs\Microsoft VS Code\bin;C:\Users\Mahmoud.Samy\AppData\Roaming\npm
USERNAME=Mahmoud.Samy
OS=Windows_NT
PROCESSOR_IDENTIFIER=Intel64 Family 6 Model 60 Stepping 3, GenuineIntel



---------------  S Y S T E M  ---------------

OS:
 Windows 10 , 64 bit Build 19041 (10.0.19041.3155)
OS uptime: 0 days 4:13 hours

CPU: total 4 (initial active 4) (4 cores per cpu, 1 threads per core) family 6 model 60 stepping 3 microcode 0x27, cx8, cmov, fxsr, mmx, sse, sse2, sse3, ssse3, sse4.1, sse4.2, popcnt, lzcnt, tsc, tscinvbit, avx, avx2, aes, erms, clmul, bmi1, bmi2, fma, vzeroupper, clflush

Memory: 4k page, system-wide physical 8051M (513M free)
TotalPageFile size 20788M (AvailPageFile size 5M)
current process WorkingSet (physical memory assigned to process): 236M, peak: 240M
current process commit charge ("private bytes"): 342M, peak: 342M

vm_info: Java HotSpot(TM) 64-Bit Server VM (18.0.2+9-61) for windows-amd64 JRE (18.0.2+9-61), built on Jun  7 2022 13:09:01 by "mach5one" with MS VC++ 16.8 / 16.9 (VS2019)

END.
