#
# There is insufficient memory for the Java Runtime Environment to continue.
# Native memory allocation (malloc) failed to allocate 147776 bytes for Chunk::new
# Possible reasons:
#   The system is out of physical RAM or swap space
#   The process is running with CompressedOops enabled, and the Java Heap may be blocking the growth of the native heap
# Possible solutions:
#   Reduce memory load on the system
#   Increase physical memory or swap space
#   Check if swap backing store is full
#   Decrease Java heap size (-Xmx/-Xms)
#   Decrease number of Java threads
#   Decrease Java thread stack sizes (-Xss)
#   Set larger code cache with -XX:ReservedCodeCacheSize=
#   JVM is running with Unscaled Compressed Oops mode in which the Java heap is
#     placed in the first 4GB address space. The Java Heap base address is the
#     maximum limit for the native heap growth. Please use -XX:HeapBaseMinAddress
#     to set the Java Heap base and to place the Java Heap above 4GB virtual address.
# This output file may be truncated or incomplete.
#
#  Out of Memory Error (arena.cpp:184), pid=16100, tid=10124
#
# JRE version: Java(TM) SE Runtime Environment (18.0.2+9) (build 18.0.2+9-61)
# Java VM: Java HotSpot(TM) 64-Bit Server VM (18.0.2+9-61, mixed mode, sharing, tiered, compressed oops, compressed class ptrs, g1 gc, windows-amd64)
# No core dump will be written. Minidumps are not enabled by default on client versions of Windows
#

---------------  S U M M A R Y ------------

Command Line: selenium-server-4.12.0.jar node --config D:\automation\business\src\main\resources\AutomationResources\TomlFiles\GridHubNodes\MacOs\chrome\MacOschromeNode_5503.toml

Host: Intel(R) Core(TM) i5-4570 CPU @ 3.20GHz, 4 cores, 7G,  Windows 10 , 64 bit Build 19041 (10.0.19041.3155)
Time: Thu Sep  7 09:22:52 2023 Egypt Daylight Time elapsed time: 0.267551 seconds (0d 0h 0m 0s)

---------------  T H R E A D  ---------------

Current thread (0x000002a4ba9dae10):  JavaThread "C2 CompilerThread1" daemon [_thread_in_native, id=10124, stack(0x000000b707f00000,0x000000b708000000)]


Current CompileTask:
C2:    267  466       4       java.lang.StringLatin1::replace (198 bytes)

Stack: [0x000000b707f00000,0x000000b708000000]
Native frames: (J=compiled Java code, j=interpreted, Vv=VM code, C=native code)
V  [jvm.dll+0x6993ca]
V  [jvm.dll+0x7f481d]
V  [jvm.dll+0x7f612e]
V  [jvm.dll+0x7f67e3]
V  [jvm.dll+0x25cdaf]
V  [jvm.dll+0xb8c2f]
V  [jvm.dll+0xb8fa5]
V  [jvm.dll+0x2c7cbf]
V  [jvm.dll+0x5a0d8e]
V  [jvm.dll+0x23876e]
V  [jvm.dll+0x231cf5]
V  [jvm.dll+0x22f21b]
V  [jvm.dll+0x1ba01c]
V  [jvm.dll+0x23ec9a]
V  [jvm.dll+0x23cf85]
V  [jvm.dll+0x7a6e21]
V  [jvm.dll+0x7a125a]
V  [jvm.dll+0x698275]
C  [ucrtbase.dll+0x21bb2]
C  [KERNEL32.DLL+0x17614]
C  [ntdll.dll+0x526b1]


---------------  P R O C E S S  ---------------

Threads class SMR info:
_java_thread_list=0x000002a4baa3e3d0, length=16, elements={
0x000002a498e33ce0, 0x000002a4b669e3b0, 0x000002a4b669f010, 0x000002a4b66b9a00,
0x000002a4b66ba2b0, 0x000002a4b66bdc70, 0x000002a4b66be610, 0x000002a4b66c7430,
0x000002a4b66ec330, 0x000002a4b66f0d30, 0x000002a4ba9ab4e0, 0x000002a4ba9af5f0,
0x000002a4ba9dae10, 0x000002a4ba9d2690, 0x000002a4baa37d40, 0x000002a4baa38200
}

Java Threads: ( => current thread )
  0x000002a498e33ce0 JavaThread "main" [_thread_in_vm, id=17472, stack(0x000000b706c00000,0x000000b706d00000)]
  0x000002a4b669e3b0 JavaThread "Reference Handler" daemon [_thread_blocked, id=17592, stack(0x000000b707300000,0x000000b707400000)]
  0x000002a4b669f010 JavaThread "Finalizer" daemon [_thread_blocked, id=17440, stack(0x000000b707400000,0x000000b707500000)]
  0x000002a4b66b9a00 JavaThread "Signal Dispatcher" daemon [_thread_blocked, id=17436, stack(0x000000b707500000,0x000000b707600000)]
  0x000002a4b66ba2b0 JavaThread "Attach Listener" daemon [_thread_blocked, id=2160, stack(0x000000b707600000,0x000000b707700000)]
  0x000002a4b66bdc70 JavaThread "Service Thread" daemon [_thread_blocked, id=17736, stack(0x000000b707700000,0x000000b707800000)]
  0x000002a4b66be610 JavaThread "Monitor Deflation Thread" daemon [_thread_blocked, id=16040, stack(0x000000b707800000,0x000000b707900000)]
  0x000002a4b66c7430 JavaThread "C2 CompilerThread0" daemon [_thread_in_native, id=11248, stack(0x000000b707900000,0x000000b707a00000)]
  0x000002a4b66ec330 JavaThread "C1 CompilerThread0" daemon [_thread_in_vm, id=17932, stack(0x000000b707a00000,0x000000b707b00000)]
  0x000002a4b66f0d30 JavaThread "Sweeper thread" daemon [_thread_blocked, id=17928, stack(0x000000b707b00000,0x000000b707c00000)]
  0x000002a4ba9ab4e0 JavaThread "Notification Thread" daemon [_thread_blocked, id=17772, stack(0x000000b707c00000,0x000000b707d00000)]
  0x000002a4ba9af5f0 JavaThread "Common-Cleaner" daemon [_thread_blocked, id=13068, stack(0x000000b707e00000,0x000000b707f00000)]
=>0x000002a4ba9dae10 JavaThread "C2 CompilerThread1" daemon [_thread_in_native, id=10124, stack(0x000000b707f00000,0x000000b708000000)]
  0x000002a4ba9d2690 JavaThread "ForkJoinPool.commonPool-worker-1" daemon [_thread_blocked, id=15564, stack(0x000000b708000000,0x000000b708100000)]
  0x000002a4baa37d40 JavaThread "ForkJoinPool.commonPool-worker-2" daemon [_thread_blocked, id=17568, stack(0x000000b708100000,0x000000b708200000)]
  0x000002a4baa38200 JavaThread "ForkJoinPool.commonPool-worker-3" daemon [_thread_blocked, id=16788, stack(0x000000b708200000,0x000000b708300000)]

Other Threads:
  0x000002a498eae2c0 VMThread "VM Thread" [stack: 0x000000b707200000,0x000000b707300000] [id=17596]
  0x000002a4ba9ae9c0 WatcherThread "VM Periodic Task Thread" [stack: 0x000000b707d00000,0x000000b707e00000] [id=1168]
  0x000002a498e920c0 WorkerThread "GC Thread#0" [stack: 0x000000b706d00000,0x000000b706e00000] [id=17456]
  0x000002a498ea2bb0 ConcurrentGCThread "G1 Main Marker" [stack: 0x000000b706e00000,0x000000b706f00000] [id=17464]
  0x000002a498ea35a0 WorkerThread "G1 Conc#0" [stack: 0x000000b706f00000,0x000000b707000000] [id=17468]
  0x000002a498ee6b20 ConcurrentGCThread "G1 Refine#0" [stack: 0x000000b707000000,0x000000b707100000] [id=17588]
  0x000002a498ee7430 ConcurrentGCThread "G1 Service" [stack: 0x000000b707100000,0x000000b707200000] [id=17460]

Threads with active compile tasks:
C2 CompilerThread0      307  504       4       java.lang.AbstractStringBuilder::ensureCapacityInternal (39 bytes)
C1 CompilerThread0      307  575       3       sun.reflect.annotation.AnnotationParser::parseMemberValue (230 bytes)
C2 CompilerThread1      307  466       4       java.lang.StringLatin1::replace (198 bytes)

VM state: not at safepoint (normal execution)

VM Mutex/Monitor currently owned by a thread:  ([mutex/lock_event])
[0x000002a498e2dae0] Metaspace_lock - owner thread: 0x000002a4b66ec330
[0x000002a498e2fc90] MethodData_lock - owner thread: 0x000002a4b66ec330

Heap address: 0x0000000082200000, size: 2014 MB, Compressed Oops mode: 32-bit

CDS archive(s) mapped at: [0x0000000800000000-0x0000000800ba0000-0x0000000800ba0000), size 12189696, SharedBaseAddress: 0x0000000800000000, ArchiveRelocationMode: 0.
Compressed class space mapped at: 0x0000000800c00000-0x0000000840c00000, reserved size: 1073741824
Narrow klass base: 0x0000000800000000, Narrow klass shift: 0, Narrow klass range: 0x100000000

GC Precious Log:
 CardTable entry size: 512
 Card Set container configuration: InlinePtr #cards 5 size 8 Array Of Cards #cards 12 size 40 Howl #buckets 4 coarsen threshold 1843 Howl Bitmap #cards 512 size 80 coarsen threshold 460 Card regions per heap region 1 cards per card region 2048
 CPUs: 4 total, 4 available
 Memory: 8051M
 Large Page Support: Disabled
 NUMA Support: Disabled
 Compressed Oops: Enabled (32-bit)
 Heap Region Size: 1M
 Heap Min Capacity: 8M
 Heap Initial Capacity: 126M
 Heap Max Capacity: 2014M
 Pre-touch: Disabled
 Parallel Workers: 4
 Concurrent Workers: 1
 Concurrent Refinement Workers: 4
 Periodic GC: Disabled

Heap:
 garbage-first heap   total 129024K, used 13312K [0x0000000082200000, 0x0000000100000000)
  region size 1024K, 8 young (8192K), 0 survivors (0K)
 Metaspace       used 2442K, committed 2560K, reserved 1114112K
  class space    used 261K, committed 320K, reserved 1048576K

Heap Regions: E=young(eden), S=young(survivor), O=old, HS=humongous(starts), HC=humongous(continues), CS=collection set, F=free, OA=open archive, CA=closed archive, TAMS=top-at-mark-start (previous, next)
|   0|0x0000000082200000, 0x0000000082300000, 0x0000000082300000|100%|HS|  |TAMS 0x0000000082200000, 0x0000000082200000| Complete 
|   1|0x0000000082300000, 0x0000000082400000, 0x0000000082400000|100%|HC|  |TAMS 0x0000000082300000, 0x0000000082300000| Complete 
|   2|0x0000000082400000, 0x0000000082500000, 0x0000000082500000|100%|HC|  |TAMS 0x0000000082400000, 0x0000000082400000| Complete 
|   3|0x0000000082500000, 0x0000000082600000, 0x0000000082600000|100%|HS|  |TAMS 0x0000000082500000, 0x0000000082500000| Complete 
|   4|0x0000000082600000, 0x0000000082700000, 0x0000000082700000|100%|HC|  |TAMS 0x0000000082600000, 0x0000000082600000| Complete 
|   5|0x0000000082700000, 0x0000000082800000, 0x0000000082800000|100%|HC|  |TAMS 0x0000000082700000, 0x0000000082700000| Complete 
|   6|0x0000000082800000, 0x0000000082800000, 0x0000000082900000|  0%| F|  |TAMS 0x0000000082800000, 0x0000000082800000| Untracked 
|   7|0x0000000082900000, 0x0000000082900000, 0x0000000082a00000|  0%| F|  |TAMS 0x0000000082900000, 0x0000000082900000| Untracked 
|   8|0x0000000082a00000, 0x0000000082a00000, 0x0000000082b00000|  0%| F|  |TAMS 0x0000000082a00000, 0x0000000082a00000| Untracked 
|   9|0x0000000082b00000, 0x0000000082b00000, 0x0000000082c00000|  0%| F|  |TAMS 0x0000000082b00000, 0x0000000082b00000| Untracked 
|  10|0x0000000082c00000, 0x0000000082c00000, 0x0000000082d00000|  0%| F|  |TAMS 0x0000000082c00000, 0x0000000082c00000| Untracked 
|  11|0x0000000082d00000, 0x0000000082d00000, 0x0000000082e00000|  0%| F|  |TAMS 0x0000000082d00000, 0x0000000082d00000| Untracked 
|  12|0x0000000082e00000, 0x0000000082e00000, 0x0000000082f00000|  0%| F|  |TAMS 0x0000000082e00000, 0x0000000082e00000| Untracked 
|  13|0x0000000082f00000, 0x0000000082f00000, 0x0000000083000000|  0%| F|  |TAMS 0x0000000082f00000, 0x0000000082f00000| Untracked 
|  14|0x0000000083000000, 0x0000000083000000, 0x0000000083100000|  0%| F|  |TAMS 0x0000000083000000, 0x0000000083000000| Untracked 
|  15|0x0000000083100000, 0x0000000083100000, 0x0000000083200000|  0%| F|  |TAMS 0x0000000083100000, 0x0000000083100000| Untracked 
|  16|0x0000000083200000, 0x0000000083200000, 0x0000000083300000|  0%| F|  |TAMS 0x0000000083200000, 0x0000000083200000| Untracked 
|  17|0x0000000083300000, 0x0000000083300000, 0x0000000083400000|  0%| F|  |TAMS 0x0000000083300000, 0x0000000083300000| Untracked 
|  18|0x0000000083400000, 0x0000000083400000, 0x0000000083500000|  0%| F|  |TAMS 0x0000000083400000, 0x0000000083400000| Untracked 
|  19|0x0000000083500000, 0x0000000083500000, 0x0000000083600000|  0%| F|  |TAMS 0x0000000083500000, 0x0000000083500000| Untracked 
|  20|0x0000000083600000, 0x0000000083600000, 0x0000000083700000|  0%| F|  |TAMS 0x0000000083600000, 0x0000000083600000| Untracked 
|  21|0x0000000083700000, 0x0000000083700000, 0x0000000083800000|  0%| F|  |TAMS 0x0000000083700000, 0x0000000083700000| Untracked 
|  22|0x0000000083800000, 0x0000000083800000, 0x0000000083900000|  0%| F|  |TAMS 0x0000000083800000, 0x0000000083800000| Untracked 
|  23|0x0000000083900000, 0x0000000083900000, 0x0000000083a00000|  0%| F|  |TAMS 0x0000000083900000, 0x0000000083900000| Untracked 
|  24|0x0000000083a00000, 0x0000000083a00000, 0x0000000083b00000|  0%| F|  |TAMS 0x0000000083a00000, 0x0000000083a00000| Untracked 
|  25|0x0000000083b00000, 0x0000000083b00000, 0x0000000083c00000|  0%| F|  |TAMS 0x0000000083b00000, 0x0000000083b00000| Untracked 
|  26|0x0000000083c00000, 0x0000000083c00000, 0x0000000083d00000|  0%| F|  |TAMS 0x0000000083c00000, 0x0000000083c00000| Untracked 
|  27|0x0000000083d00000, 0x0000000083d00000, 0x0000000083e00000|  0%| F|  |TAMS 0x0000000083d00000, 0x0000000083d00000| Untracked 
|  28|0x0000000083e00000, 0x0000000083e00000, 0x0000000083f00000|  0%| F|  |TAMS 0x0000000083e00000, 0x0000000083e00000| Untracked 
|  29|0x0000000083f00000, 0x0000000083f00000, 0x0000000084000000|  0%| F|  |TAMS 0x0000000083f00000, 0x0000000083f00000| Untracked 
|  30|0x0000000084000000, 0x0000000084000000, 0x0000000084100000|  0%| F|  |TAMS 0x0000000084000000, 0x0000000084000000| Untracked 
|  31|0x0000000084100000, 0x0000000084100000, 0x0000000084200000|  0%| F|  |TAMS 0x0000000084100000, 0x0000000084100000| Untracked 
|  32|0x0000000084200000, 0x0000000084200000, 0x0000000084300000|  0%| F|  |TAMS 0x0000000084200000, 0x0000000084200000| Untracked 
|  33|0x0000000084300000, 0x0000000084300000, 0x0000000084400000|  0%| F|  |TAMS 0x0000000084300000, 0x0000000084300000| Untracked 
|  34|0x0000000084400000, 0x0000000084400000, 0x0000000084500000|  0%| F|  |TAMS 0x0000000084400000, 0x0000000084400000| Untracked 
|  35|0x0000000084500000, 0x0000000084500000, 0x0000000084600000|  0%| F|  |TAMS 0x0000000084500000, 0x0000000084500000| Untracked 
|  36|0x0000000084600000, 0x0000000084600000, 0x0000000084700000|  0%| F|  |TAMS 0x0000000084600000, 0x0000000084600000| Untracked 
|  37|0x0000000084700000, 0x0000000084700000, 0x0000000084800000|  0%| F|  |TAMS 0x0000000084700000, 0x0000000084700000| Untracked 
|  38|0x0000000084800000, 0x0000000084800000, 0x0000000084900000|  0%| F|  |TAMS 0x0000000084800000, 0x0000000084800000| Untracked 
|  39|0x0000000084900000, 0x0000000084900000, 0x0000000084a00000|  0%| F|  |TAMS 0x0000000084900000, 0x0000000084900000| Untracked 
|  40|0x0000000084a00000, 0x0000000084a00000, 0x0000000084b00000|  0%| F|  |TAMS 0x0000000084a00000, 0x0000000084a00000| Untracked 
|  41|0x0000000084b00000, 0x0000000084b00000, 0x0000000084c00000|  0%| F|  |TAMS 0x0000000084b00000, 0x0000000084b00000| Untracked 
|  42|0x0000000084c00000, 0x0000000084c00000, 0x0000000084d00000|  0%| F|  |TAMS 0x0000000084c00000, 0x0000000084c00000| Untracked 
|  43|0x0000000084d00000, 0x0000000084d00000, 0x0000000084e00000|  0%| F|  |TAMS 0x0000000084d00000, 0x0000000084d00000| Untracked 
|  44|0x0000000084e00000, 0x0000000084e00000, 0x0000000084f00000|  0%| F|  |TAMS 0x0000000084e00000, 0x0000000084e00000| Untracked 
|  45|0x0000000084f00000, 0x0000000084f00000, 0x0000000085000000|  0%| F|  |TAMS 0x0000000084f00000, 0x0000000084f00000| Untracked 
|  46|0x0000000085000000, 0x0000000085000000, 0x0000000085100000|  0%| F|  |TAMS 0x0000000085000000, 0x0000000085000000| Untracked 
|  47|0x0000000085100000, 0x0000000085100000, 0x0000000085200000|  0%| F|  |TAMS 0x0000000085100000, 0x0000000085100000| Untracked 
|  48|0x0000000085200000, 0x0000000085200000, 0x0000000085300000|  0%| F|  |TAMS 0x0000000085200000, 0x0000000085200000| Untracked 
|  49|0x0000000085300000, 0x0000000085300000, 0x0000000085400000|  0%| F|  |TAMS 0x0000000085300000, 0x0000000085300000| Untracked 
|  50|0x0000000085400000, 0x0000000085400000, 0x0000000085500000|  0%| F|  |TAMS 0x0000000085400000, 0x0000000085400000| Untracked 
|  51|0x0000000085500000, 0x0000000085500000, 0x0000000085600000|  0%| F|  |TAMS 0x0000000085500000, 0x0000000085500000| Untracked 
|  52|0x0000000085600000, 0x0000000085600000, 0x0000000085700000|  0%| F|  |TAMS 0x0000000085600000, 0x0000000085600000| Untracked 
|  53|0x0000000085700000, 0x0000000085700000, 0x0000000085800000|  0%| F|  |TAMS 0x0000000085700000, 0x0000000085700000| Untracked 
|  54|0x0000000085800000, 0x0000000085800000, 0x0000000085900000|  0%| F|  |TAMS 0x0000000085800000, 0x0000000085800000| Untracked 
|  55|0x0000000085900000, 0x0000000085900000, 0x0000000085a00000|  0%| F|  |TAMS 0x0000000085900000, 0x0000000085900000| Untracked 
|  56|0x0000000085a00000, 0x0000000085a00000, 0x0000000085b00000|  0%| F|  |TAMS 0x0000000085a00000, 0x0000000085a00000| Untracked 
|  57|0x0000000085b00000, 0x0000000085b00000, 0x0000000085c00000|  0%| F|  |TAMS 0x0000000085b00000, 0x0000000085b00000| Untracked 
|  58|0x0000000085c00000, 0x0000000085c00000, 0x0000000085d00000|  0%| F|  |TAMS 0x0000000085c00000, 0x0000000085c00000| Untracked 
|  59|0x0000000085d00000, 0x0000000085d00000, 0x0000000085e00000|  0%| F|  |TAMS 0x0000000085d00000, 0x0000000085d00000| Untracked 
|  60|0x0000000085e00000, 0x0000000085e00000, 0x0000000085f00000|  0%| F|  |TAMS 0x0000000085e00000, 0x0000000085e00000| Untracked 
|  61|0x0000000085f00000, 0x0000000085f00000, 0x0000000086000000|  0%| F|  |TAMS 0x0000000085f00000, 0x0000000085f00000| Untracked 
|  62|0x0000000086000000, 0x0000000086000000, 0x0000000086100000|  0%| F|  |TAMS 0x0000000086000000, 0x0000000086000000| Untracked 
|  63|0x0000000086100000, 0x0000000086100000, 0x0000000086200000|  0%| F|  |TAMS 0x0000000086100000, 0x0000000086100000| Untracked 
|  64|0x0000000086200000, 0x0000000086200000, 0x0000000086300000|  0%| F|  |TAMS 0x0000000086200000, 0x0000000086200000| Untracked 
|  65|0x0000000086300000, 0x0000000086300000, 0x0000000086400000|  0%| F|  |TAMS 0x0000000086300000, 0x0000000086300000| Untracked 
|  66|0x0000000086400000, 0x0000000086400000, 0x0000000086500000|  0%| F|  |TAMS 0x0000000086400000, 0x0000000086400000| Untracked 
|  67|0x0000000086500000, 0x0000000086500000, 0x0000000086600000|  0%| F|  |TAMS 0x0000000086500000, 0x0000000086500000| Untracked 
|  68|0x0000000086600000, 0x0000000086600000, 0x0000000086700000|  0%| F|  |TAMS 0x0000000086600000, 0x0000000086600000| Untracked 
|  69|0x0000000086700000, 0x0000000086700000, 0x0000000086800000|  0%| F|  |TAMS 0x0000000086700000, 0x0000000086700000| Untracked 
|  70|0x0000000086800000, 0x0000000086800000, 0x0000000086900000|  0%| F|  |TAMS 0x0000000086800000, 0x0000000086800000| Untracked 
|  71|0x0000000086900000, 0x0000000086900000, 0x0000000086a00000|  0%| F|  |TAMS 0x0000000086900000, 0x0000000086900000| Untracked 
|  72|0x0000000086a00000, 0x0000000086a00000, 0x0000000086b00000|  0%| F|  |TAMS 0x0000000086a00000, 0x0000000086a00000| Untracked 
|  73|0x0000000086b00000, 0x0000000086b00000, 0x0000000086c00000|  0%| F|  |TAMS 0x0000000086b00000, 0x0000000086b00000| Untracked 
|  74|0x0000000086c00000, 0x0000000086c00000, 0x0000000086d00000|  0%| F|  |TAMS 0x0000000086c00000, 0x0000000086c00000| Untracked 
|  75|0x0000000086d00000, 0x0000000086d00000, 0x0000000086e00000|  0%| F|  |TAMS 0x0000000086d00000, 0x0000000086d00000| Untracked 
|  76|0x0000000086e00000, 0x0000000086e00000, 0x0000000086f00000|  0%| F|  |TAMS 0x0000000086e00000, 0x0000000086e00000| Untracked 
|  77|0x0000000086f00000, 0x0000000086f00000, 0x0000000087000000|  0%| F|  |TAMS 0x0000000086f00000, 0x0000000086f00000| Untracked 
|  78|0x0000000087000000, 0x0000000087000000, 0x0000000087100000|  0%| F|  |TAMS 0x0000000087000000, 0x0000000087000000| Untracked 
|  79|0x0000000087100000, 0x0000000087100000, 0x0000000087200000|  0%| F|  |TAMS 0x0000000087100000, 0x0000000087100000| Untracked 
|  80|0x0000000087200000, 0x0000000087200000, 0x0000000087300000|  0%| F|  |TAMS 0x0000000087200000, 0x0000000087200000| Untracked 
|  81|0x0000000087300000, 0x0000000087300000, 0x0000000087400000|  0%| F|  |TAMS 0x0000000087300000, 0x0000000087300000| Untracked 
|  82|0x0000000087400000, 0x0000000087400000, 0x0000000087500000|  0%| F|  |TAMS 0x0000000087400000, 0x0000000087400000| Untracked 
|  83|0x0000000087500000, 0x0000000087500000, 0x0000000087600000|  0%| F|  |TAMS 0x0000000087500000, 0x0000000087500000| Untracked 
|  84|0x0000000087600000, 0x0000000087600000, 0x0000000087700000|  0%| F|  |TAMS 0x0000000087600000, 0x0000000087600000| Untracked 
|  85|0x0000000087700000, 0x0000000087700000, 0x0000000087800000|  0%| F|  |TAMS 0x0000000087700000, 0x0000000087700000| Untracked 
|  86|0x0000000087800000, 0x0000000087800000, 0x0000000087900000|  0%| F|  |TAMS 0x0000000087800000, 0x0000000087800000| Untracked 
|  87|0x0000000087900000, 0x0000000087900000, 0x0000000087a00000|  0%| F|  |TAMS 0x0000000087900000, 0x0000000087900000| Untracked 
|  88|0x0000000087a00000, 0x0000000087a00000, 0x0000000087b00000|  0%| F|  |TAMS 0x0000000087a00000, 0x0000000087a00000| Untracked 
|  89|0x0000000087b00000, 0x0000000087b00000, 0x0000000087c00000|  0%| F|  |TAMS 0x0000000087b00000, 0x0000000087b00000| Untracked 
|  90|0x0000000087c00000, 0x0000000087c00000, 0x0000000087d00000|  0%| F|  |TAMS 0x0000000087c00000, 0x0000000087c00000| Untracked 
|  91|0x0000000087d00000, 0x0000000087d00000, 0x0000000087e00000|  0%| F|  |TAMS 0x0000000087d00000, 0x0000000087d00000| Untracked 
|  92|0x0000000087e00000, 0x0000000087e00000, 0x0000000087f00000|  0%| F|  |TAMS 0x0000000087e00000, 0x0000000087e00000| Untracked 
|  93|0x0000000087f00000, 0x0000000087f00000, 0x0000000088000000|  0%| F|  |TAMS 0x0000000087f00000, 0x0000000087f00000| Untracked 
|  94|0x0000000088000000, 0x0000000088000000, 0x0000000088100000|  0%| F|  |TAMS 0x0000000088000000, 0x0000000088000000| Untracked 
|  95|0x0000000088100000, 0x0000000088100000, 0x0000000088200000|  0%| F|  |TAMS 0x0000000088100000, 0x0000000088100000| Untracked 
|  96|0x0000000088200000, 0x0000000088200000, 0x0000000088300000|  0%| F|  |TAMS 0x0000000088200000, 0x0000000088200000| Untracked 
|  97|0x0000000088300000, 0x0000000088300000, 0x0000000088400000|  0%| F|  |TAMS 0x0000000088300000, 0x0000000088300000| Untracked 
|  98|0x0000000088400000, 0x0000000088400000, 0x0000000088500000|  0%| F|  |TAMS 0x0000000088400000, 0x0000000088400000| Untracked 
|  99|0x0000000088500000, 0x0000000088500000, 0x0000000088600000|  0%| F|  |TAMS 0x0000000088500000, 0x0000000088500000| Untracked 
| 100|0x0000000088600000, 0x0000000088600000, 0x0000000088700000|  0%| F|  |TAMS 0x0000000088600000, 0x0000000088600000| Untracked 
| 101|0x0000000088700000, 0x0000000088700000, 0x0000000088800000|  0%| F|  |TAMS 0x0000000088700000, 0x0000000088700000| Untracked 
| 102|0x0000000088800000, 0x0000000088800000, 0x0000000088900000|  0%| F|  |TAMS 0x0000000088800000, 0x0000000088800000| Untracked 
| 103|0x0000000088900000, 0x0000000088900000, 0x0000000088a00000|  0%| F|  |TAMS 0x0000000088900000, 0x0000000088900000| Untracked 
| 104|0x0000000088a00000, 0x0000000088a00000, 0x0000000088b00000|  0%| F|  |TAMS 0x0000000088a00000, 0x0000000088a00000| Untracked 
| 105|0x0000000088b00000, 0x0000000088b00000, 0x0000000088c00000|  0%| F|  |TAMS 0x0000000088b00000, 0x0000000088b00000| Untracked 
| 106|0x0000000088c00000, 0x0000000088c00000, 0x0000000088d00000|  0%| F|  |TAMS 0x0000000088c00000, 0x0000000088c00000| Untracked 
| 107|0x0000000088d00000, 0x0000000088d00000, 0x0000000088e00000|  0%| F|  |TAMS 0x0000000088d00000, 0x0000000088d00000| Untracked 
| 108|0x0000000088e00000, 0x0000000088e00000, 0x0000000088f00000|  0%| F|  |TAMS 0x0000000088e00000, 0x0000000088e00000| Untracked 
| 109|0x0000000088f00000, 0x0000000088f00000, 0x0000000089000000|  0%| F|  |TAMS 0x0000000088f00000, 0x0000000088f00000| Untracked 
| 110|0x0000000089000000, 0x0000000089000000, 0x0000000089100000|  0%| F|  |TAMS 0x0000000089000000, 0x0000000089000000| Untracked 
| 111|0x0000000089100000, 0x0000000089100000, 0x0000000089200000|  0%| F|  |TAMS 0x0000000089100000, 0x0000000089100000| Untracked 
| 112|0x0000000089200000, 0x0000000089200000, 0x0000000089300000|  0%| F|  |TAMS 0x0000000089200000, 0x0000000089200000| Untracked 
| 113|0x0000000089300000, 0x0000000089300000, 0x0000000089400000|  0%| F|  |TAMS 0x0000000089300000, 0x0000000089300000| Untracked 
| 114|0x0000000089400000, 0x0000000089400000, 0x0000000089500000|  0%| F|  |TAMS 0x0000000089400000, 0x0000000089400000| Untracked 
| 115|0x0000000089500000, 0x0000000089500000, 0x0000000089600000|  0%| F|  |TAMS 0x0000000089500000, 0x0000000089500000| Untracked 
| 116|0x0000000089600000, 0x0000000089600000, 0x0000000089700000|  0%| F|  |TAMS 0x0000000089600000, 0x0000000089600000| Untracked 
| 117|0x0000000089700000, 0x0000000089700000, 0x0000000089800000|  0%| F|  |TAMS 0x0000000089700000, 0x0000000089700000| Untracked 
| 118|0x0000000089800000, 0x00000000898cd2a8, 0x0000000089900000| 80%| E|  |TAMS 0x0000000089800000, 0x0000000089800000| Complete 
| 119|0x0000000089900000, 0x0000000089a00000, 0x0000000089a00000|100%| E|CS|TAMS 0x0000000089900000, 0x0000000089900000| Complete 
| 120|0x0000000089a00000, 0x0000000089b00000, 0x0000000089b00000|100%| E|CS|TAMS 0x0000000089a00000, 0x0000000089a00000| Complete 
| 121|0x0000000089b00000, 0x0000000089c00000, 0x0000000089c00000|100%| E|CS|TAMS 0x0000000089b00000, 0x0000000089b00000| Complete 
| 122|0x0000000089c00000, 0x0000000089d00000, 0x0000000089d00000|100%| E|CS|TAMS 0x0000000089c00000, 0x0000000089c00000| Complete 
| 123|0x0000000089d00000, 0x0000000089e00000, 0x0000000089e00000|100%| E|CS|TAMS 0x0000000089d00000, 0x0000000089d00000| Complete 
| 124|0x0000000089e00000, 0x0000000089f00000, 0x0000000089f00000|100%| E|CS|TAMS 0x0000000089e00000, 0x0000000089e00000| Complete 
| 125|0x0000000089f00000, 0x000000008a000000, 0x000000008a000000|100%| E|CS|TAMS 0x0000000089f00000, 0x0000000089f00000| Complete 

Card table byte_map: [0x000002a4afb60000,0x000002a4aff50000] _byte_map_base: 0x000002a4af74f000

Marking Bits (Prev, Next): (CMBitMap*) 0x000002a498e926c0, (CMBitMap*) 0x000002a498e92700
 Prev Bits: [0x000002a4b0340000, 0x000002a4b22b8000)
 Next Bits: [0x000002a4b22c0000, 0x000002a4b4238000)

Polling page: 0x000002a498600000

Metaspace:

Usage:
  Non-class:      2.13 MB used.
      Class:    261.14 KB used.
       Both:      2.39 MB used.

Virtual space:
  Non-class space:       64.00 MB reserved,       2.19 MB (  3%) committed,  1 nodes.
      Class space:        1.00 GB reserved,     320.00 KB ( <1%) committed,  1 nodes.
             Both:        1.06 GB reserved,       2.50 MB ( <1%) committed. 

Chunk freelists:
   Non-Class:  2.96 MB
       Class:  3.56 MB
        Both:  6.53 MB

MaxMetaspaceSize: unlimited
CompressedClassSpaceSize: 1.00 GB
Initial GC threshold: 21.00 MB
Current GC threshold: 21.00 MB
CDS: on
MetaspaceReclaimPolicy: balanced
 - commit_granule_bytes: 65536.
 - commit_granule_words: 8192.
 - virtual_space_node_default_size: 8388608.
 - enlarge_chunks_in_place: 1.
 - new_chunks_are_fully_committed: 0.
 - uncommit_free_chunks: 1.
 - use_allocation_guard: 0.


Internal statistics:

num_allocs_failed_limit: 0.
num_arena_births: 76.
num_arena_deaths: 0.
num_vsnodes_births: 2.
num_vsnodes_deaths: 0.
num_space_committed: 40.
num_space_uncommitted: 0.
num_chunks_returned_to_freelist: 0.
num_chunks_taken_from_freelist: 137.
num_chunk_merges: 0.
num_chunk_splits: 89.
num_chunks_enlarged: 64.
num_inconsistent_stats: 0.

CodeHeap 'non-profiled nmethods': size=120000Kb used=163Kb max_used=163Kb free=119837Kb
 bounds [0x000002a4a8240000, 0x000002a4a84b0000, 0x000002a4af770000]
CodeHeap 'profiled nmethods': size=120000Kb used=805Kb max_used=805Kb free=119194Kb
 bounds [0x000002a4a0d10000, 0x000002a4a0f80000, 0x000002a4a8240000]
CodeHeap 'non-nmethods': size=5760Kb used=1140Kb max_used=1155Kb free=4619Kb
 bounds [0x000002a4a0770000, 0x000002a4a09e0000, 0x000002a4a0d10000]
 total_blobs=986 nmethods=571 adapters=328
 compilation: enabled
              stopped_count=0, restarted_count=0
 full_count=0

Compilation events (20 events):
Event: 0.262 Thread 0x000002a4b66ec330  465       1       java.lang.module.ModuleDescriptor::packages (5 bytes)
Event: 0.262 Thread 0x000002a4b66ec330 nmethod 465 0x000002a4a8263210 code [0x000002a4a82633a0, 0x000002a4a8263478]
Event: 0.262 Thread 0x000002a4b66ec330  468       3       sun.invoke.util.Wrapper::findPrimitiveType (25 bytes)
Event: 0.263 Thread 0x000002a4b66ec330 nmethod 468 0x000002a4a0db0990 code [0x000002a4a0db0c20, 0x000002a4a0db19a8]
Event: 0.263 Thread 0x000002a4b66ec330  469       3       java.lang.invoke.MemberName::getType (19 bytes)
Event: 0.263 Thread 0x000002a4b66ec330 nmethod 469 0x000002a4a0db1f10 code [0x000002a4a0db20e0, 0x000002a4a0db2498]
Event: 0.264 Thread 0x000002a4b66c7430  470       4       java.lang.invoke.MethodType::parameterType (7 bytes)
Event: 0.264 Thread 0x000002a4b66ec330  471       3       jdk.internal.org.objectweb.asm.ByteVector::putByteArray (49 bytes)
Event: 0.264 Thread 0x000002a4b66ec330 nmethod 471 0x000002a4a0db2610 code [0x000002a4a0db27c0, 0x000002a4a0db2a98]
Event: 0.264 Thread 0x000002a4b66ec330  472       3       java.util.ImmutableCollections$Set12$1::next (95 bytes)
Event: 0.265 Thread 0x000002a4b66ec330 nmethod 472 0x000002a4a0db2b90 code [0x000002a4a0db2d60, 0x000002a4a0db30a8]
Event: 0.265 Thread 0x000002a4b66c7430 nmethod 470 0x000002a4a8263910 code [0x000002a4a8263a80, 0x000002a4a8263b38]
Event: 0.265 Thread 0x000002a4b66ec330  473       3       jdk.internal.org.objectweb.asm.SymbolTable::addConstantMemberReference (147 bytes)
Event: 0.265 Thread 0x000002a4b66ec330 nmethod 473 0x000002a4a0db3210 code [0x000002a4a0db3480, 0x000002a4a0db3d68]
Event: 0.265 Thread 0x000002a4b66ec330  474       3       jdk.internal.org.objectweb.asm.SymbolTable::hash (20 bytes)
Event: 0.265 Thread 0x000002a4b66ec330 nmethod 474 0x000002a4a0db4290 code [0x000002a4a0db4440, 0x000002a4a0db4608]
Event: 0.265 Thread 0x000002a4b66ec330  475       3       jdk.internal.org.objectweb.asm.Frame::pop (44 bytes)
Event: 0.266 Thread 0x000002a4b66ec330 nmethod 475 0x000002a4a0db4790 code [0x000002a4a0db4920, 0x000002a4a0db4ab8]
Event: 0.266 Thread 0x000002a4b66ec330  478       3       jdk.internal.org.objectweb.asm.Handler::getExceptionTableLength (21 bytes)
Event: 0.266 Thread 0x000002a4b66ec330 nmethod 478 0x000002a4a0db4b90 code [0x000002a4a0db4d20, 0x000002a4a0db4eb8]

GC Heap History (0 events):
No events

Deoptimization events (20 events):
Event: 0.059 Thread 0x000002a498e33ce0 DEOPT PACKING pc=0x000002a4a0d2548c sp=0x000000b706cfece0
Event: 0.059 Thread 0x000002a498e33ce0 DEOPT UNPACKING pc=0x000002a4a07c2b43 sp=0x000000b706cfe170 mode 0
Event: 0.059 Thread 0x000002a498e33ce0 DEOPT PACKING pc=0x000002a4a0d2548c sp=0x000000b706cfece0
Event: 0.059 Thread 0x000002a498e33ce0 DEOPT UNPACKING pc=0x000002a4a07c2b43 sp=0x000000b706cfe170 mode 0
Event: 0.059 Thread 0x000002a498e33ce0 DEOPT PACKING pc=0x000002a4a0d2548c sp=0x000000b706cfece0
Event: 0.059 Thread 0x000002a498e33ce0 DEOPT UNPACKING pc=0x000002a4a07c2b43 sp=0x000000b706cfe170 mode 0
Event: 0.059 Thread 0x000002a498e33ce0 DEOPT PACKING pc=0x000002a4a0d2548c sp=0x000000b706cfece0
Event: 0.059 Thread 0x000002a498e33ce0 DEOPT UNPACKING pc=0x000002a4a07c2b43 sp=0x000000b706cfe170 mode 0
Event: 0.059 Thread 0x000002a498e33ce0 DEOPT PACKING pc=0x000002a4a0d2548c sp=0x000000b706cfece0
Event: 0.059 Thread 0x000002a498e33ce0 DEOPT UNPACKING pc=0x000002a4a07c2b43 sp=0x000000b706cfe170 mode 0
Event: 0.059 Thread 0x000002a498e33ce0 DEOPT PACKING pc=0x000002a4a0d2548c sp=0x000000b706cfece0
Event: 0.059 Thread 0x000002a498e33ce0 DEOPT UNPACKING pc=0x000002a4a07c2b43 sp=0x000000b706cfe170 mode 0
Event: 0.059 Thread 0x000002a498e33ce0 DEOPT PACKING pc=0x000002a4a0d2548c sp=0x000000b706cfece0
Event: 0.059 Thread 0x000002a498e33ce0 DEOPT UNPACKING pc=0x000002a4a07c2b43 sp=0x000000b706cfe170 mode 0
Event: 0.059 Thread 0x000002a498e33ce0 DEOPT PACKING pc=0x000002a4a0d2548c sp=0x000000b706cfece0
Event: 0.059 Thread 0x000002a498e33ce0 DEOPT UNPACKING pc=0x000002a4a07c2b43 sp=0x000000b706cfe170 mode 0
Event: 0.235 Thread 0x000002a498e33ce0 DEOPT PACKING pc=0x000002a4a0d37267 sp=0x000000b706cf92b0
Event: 0.235 Thread 0x000002a498e33ce0 DEOPT UNPACKING pc=0x000002a4a07c2b43 sp=0x000000b706cf86d0 mode 0
Event: 0.247 Thread 0x000002a498e33ce0 DEOPT PACKING pc=0x000002a4a0d23bd1 sp=0x000000b706cfe130
Event: 0.247 Thread 0x000002a498e33ce0 DEOPT UNPACKING pc=0x000002a4a07c2b43 sp=0x000000b706cfd5a8 mode 0

Classes loaded (20 events):
Event: 0.260 Loading class java/lang/PublicMethods
Event: 0.260 Loading class java/lang/PublicMethods done
Event: 0.260 Loading class java/util/LinkedHashMap$LinkedValues
Event: 0.260 Loading class java/util/LinkedHashMap$LinkedValues done
Event: 0.261 Loading class java/util/LinkedHashMap$LinkedValueIterator
Event: 0.261 Loading class java/util/LinkedHashMap$LinkedValueIterator done
Event: 0.262 Loading class java/lang/WeakPairMap$Pair$Weak
Event: 0.262 Loading class java/lang/WeakPairMap$WeakRefPeer
Event: 0.262 Loading class java/lang/WeakPairMap$WeakRefPeer done
Event: 0.262 Loading class java/lang/WeakPairMap$Pair$Weak done
Event: 0.262 Loading class java/lang/WeakPairMap$Pair$Weak$1
Event: 0.262 Loading class java/lang/WeakPairMap$Pair$Weak$1 done
Event: 0.263 Loading class java/lang/reflect/ProxyGenerator
Event: 0.263 Loading class java/lang/reflect/ProxyGenerator done
Event: 0.263 Loading class java/lang/reflect/ProxyGenerator$ProxyMethod
Event: 0.263 Loading class java/lang/reflect/ProxyGenerator$ProxyMethod done
Event: 0.265 Loading class java/lang/reflect/ProxyGenerator$PrimitiveTypeInfo
Event: 0.265 Loading class java/lang/reflect/ProxyGenerator$PrimitiveTypeInfo done
Event: 0.265 Loading class jdk/internal/org/objectweb/asm/Edge
Event: 0.265 Loading class jdk/internal/org/objectweb/asm/Edge done

Classes unloaded (0 events):
No events

Classes redefined (0 events):
No events

Internal exceptions (15 events):
Event: 0.095 Thread 0x000002a498e33ce0 Exception <a 'java/lang/NoSuchMethodError'{0x0000000089d1b6c0}: 'void java.lang.invoke.DirectMethodHandle$Holder.invokeStatic(java.lang.Object, java.lang.Object)'> (0x0000000089d1b6c0) 
thrown [s\open\src\hotspot\share\interpreter\linkResolver.cpp, line 759]
Event: 0.096 Thread 0x000002a498e33ce0 Exception <a 'java/lang/NoSuchMethodError'{0x0000000089d1f560}: 'void java.lang.invoke.DirectMethodHandle$Holder.invokeSpecial(java.lang.Object, java.lang.Object, java.lang.Object)'> (0x0000000089d1f560) 
thrown [s\open\src\hotspot\share\interpreter\linkResolver.cpp, line 759]
Event: 0.098 Thread 0x000002a498e33ce0 Exception <a 'java/lang/NoSuchMethodError'{0x0000000089d32348}: 'java.lang.Object java.lang.invoke.DirectMethodHandle$Holder.invokeInterface(java.lang.Object, java.lang.Object)'> (0x0000000089d32348) 
thrown [s\open\src\hotspot\share\interpreter\linkResolver.cpp, line 759]
Event: 0.100 Thread 0x000002a498e33ce0 Exception <a 'java/lang/NoSuchMethodError'{0x0000000089d3d6b0}: 'java.lang.Object java.lang.invoke.Invokers$Holder.invokeExact_MT(java.lang.Object, java.lang.Object, java.lang.Object, java.lang.Object, java.lang.Object, java.lang.Object)'> (0x0000000089d3d6b0) 
thrown [s\open\src\hotspot\share\interpreter\linkResolver.cpp, line 759]
Event: 0.176 Thread 0x000002a498e33ce0 Exception <a 'java/lang/NoSuchMethodError'{0x0000000089b3d858}: 'int java.lang.invoke.DirectMethodHandle$Holder.invokeSpecial(java.lang.Object, java.lang.Object, java.lang.Object)'> (0x0000000089b3d858) 
thrown [s\open\src\hotspot\share\interpreter\linkResolver.cpp, line 759]
Event: 0.211 Thread 0x000002a498e33ce0 Exception <a 'java/lang/NoSuchMethodError'{0x0000000089a2d0e8}: 'java.lang.Object java.lang.invoke.DirectMethodHandle$Holder.invokeSpecialIFC(java.lang.Object, java.lang.Object, java.lang.Object, java.lang.Object)'> (0x0000000089a2d0e8) 
thrown [s\open\src\hotspot\share\interpreter\linkResolver.cpp, line 759]
Event: 0.214 Thread 0x000002a498e33ce0 Exception <a 'java/lang/NoSuchMethodError'{0x0000000089a3b978}: 'int java.lang.invoke.DirectMethodHandle$Holder.invokeVirtual(java.lang.Object, java.lang.Object)'> (0x0000000089a3b978) 
thrown [s\open\src\hotspot\share\interpreter\linkResolver.cpp, line 759]
Event: 0.215 Thread 0x000002a498e33ce0 Exception <a 'java/lang/NoSuchMethodError'{0x0000000089a42248}: 'double java.lang.invoke.DirectMethodHandle$Holder.invokeVirtual(java.lang.Object, java.lang.Object)'> (0x0000000089a42248) 
thrown [s\open\src\hotspot\share\interpreter\linkResolver.cpp, line 759]
Event: 0.216 Thread 0x000002a498e33ce0 Exception <a 'java/lang/NoSuchMethodError'{0x0000000089a48d88}: 'float java.lang.invoke.DirectMethodHandle$Holder.invokeVirtual(java.lang.Object, java.lang.Object)'> (0x0000000089a48d88) 
thrown [s\open\src\hotspot\share\interpreter\linkResolver.cpp, line 759]
Event: 0.217 Thread 0x000002a498e33ce0 Exception <a 'java/lang/NoSuchMethodError'{0x0000000089a52220}: 'long java.lang.invoke.DirectMethodHandle$Holder.invokeVirtual(java.lang.Object, java.lang.Object)'> (0x0000000089a52220) 
thrown [s\open\src\hotspot\share\interpreter\linkResolver.cpp, line 759]
Event: 0.228 Thread 0x000002a498e33ce0 Exception <a 'java/lang/NoSuchMethodError'{0x0000000089a7f0b0}: 'void java.lang.invoke.DirectMethodHandle$Holder.invokeStatic(java.lang.Object, java.lang.Object, java.lang.Object)'> (0x0000000089a7f0b0) 
thrown [s\open\src\hotspot\share\interpreter\linkResolver.cpp, line 759]
Event: 0.229 Thread 0x000002a498e33ce0 Exception <a 'java/lang/NoSuchMethodError'{0x0000000089a85820}: 'java.lang.Object java.lang.invoke.DirectMethodHandle$Holder.invokeVirtual(java.lang.Object, java.lang.Object, java.lang.Object)'> (0x0000000089a85820) 
thrown [s\open\src\hotspot\share\interpreter\linkResolver.cpp, line 759]
Event: 0.254 Thread 0x000002a498e33ce0 Exception <a 'java/lang/NoSuchMethodError'{0x0000000089975b78}: 'java.lang.Object java.lang.invoke.DirectMethodHandle$Holder.newInvokeSpecial(java.lang.Object, java.lang.Object, java.lang.Object, java.lang.Object, java.lang.Object, java.lang.Object, java.lang.Object, java.lang.Object, java.lang.Object)'> (0x0000000089975b78) 
thrown [s\open\src\hotspot\share\interpreter\linkResolver.cpp, line 759]
Event: 0.254 Thread 0x000002a498e33ce0 Exception <a 'java/lang/NoSuchMethodError'{0x000000008997aef0}: 'java.lang.Object java.lang.invoke.DirectMethodHandle$Holder.invokeSpecial(java.lang.Object, java.lang.Object, java.lang.Object, java.lang.Object, java.lang.Object, java.lang.Object, java.lang.Object, java.lang.Object, java.lang.Object, java.lang.Object)'> (0x000000008997aef0) 
thrown [s\open\src\hotspot\share\interpreter\linkResolver.cpp, line 759]
Event: 0.254 Thread 0x000002a498e33ce0 Exception <a 'java/lang/NoSuchMethodError'{0x000000008997f210}: 'java.lang.Object java.lang.invoke.Invokers$Holder.linkToTargetMethod(java.lang.Object, java.lang.Object, java.lang.Object, java.lang.Object, java.lang.Object, java.lang.Object, java.lang.Object, java.lang.Object, java.lang.Object)'> (0x000000008997f210) 
thrown [s\open\src\hotspot\share\interpreter\linkResolver.cpp, line 759]

VM Operations (4 events):
Event: 0.062 Executing VM operation: HandshakeAllThreads
Event: 0.062 Executing VM operation: HandshakeAllThreads done
Event: 0.101 Executing VM operation: HandshakeAllThreads
Event: 0.101 Executing VM operation: HandshakeAllThreads done

Events (20 events):
Event: 0.014 Thread 0x000002a498e33ce0 Thread added: 0x000002a498e33ce0
Event: 0.016 Thread 0x000002a4b669e3b0 Thread added: 0x000002a4b669e3b0
Event: 0.016 Thread 0x000002a4b669f010 Thread added: 0x000002a4b669f010
Event: 0.025 Thread 0x000002a4b66b9a00 Thread added: 0x000002a4b66b9a00
Event: 0.025 Thread 0x000002a4b66ba2b0 Thread added: 0x000002a4b66ba2b0
Event: 0.025 Thread 0x000002a4b66bdc70 Thread added: 0x000002a4b66bdc70
Event: 0.025 Thread 0x000002a4b66be610 Thread added: 0x000002a4b66be610
Event: 0.025 Thread 0x000002a4b66c7430 Thread added: 0x000002a4b66c7430
Event: 0.025 Thread 0x000002a4b66ec330 Thread added: 0x000002a4b66ec330
Event: 0.025 Thread 0x000002a4b66f0d30 Thread added: 0x000002a4b66f0d30
Event: 0.037 Thread 0x000002a4ba9ab4e0 Thread added: 0x000002a4ba9ab4e0
Event: 0.038 Thread 0x000002a4ba9af5f0 Thread added: 0x000002a4ba9af5f0
Event: 0.041 Loaded shared library C:\Program Files\Java\jdk-18.0.2\bin\net.dll
Event: 0.043 Loaded shared library C:\Program Files\Java\jdk-18.0.2\bin\nio.dll
Event: 0.059 Thread 0x000002a4ba9dae10 Thread added: 0x000002a4ba9dae10
Event: 0.061 Loaded shared library C:\Program Files\Java\jdk-18.0.2\bin\zip.dll
Event: 0.092 Loaded shared library C:\Program Files\Java\jdk-18.0.2\bin\jimage.dll
Event: 0.166 Thread 0x000002a4ba9d2690 Thread added: 0x000002a4ba9d2690
Event: 0.166 Thread 0x000002a4baa37d40 Thread added: 0x000002a4baa37d40
Event: 0.166 Thread 0x000002a4baa38200 Thread added: 0x000002a4baa38200


Dynamic libraries:
0x00007ff63e910000 - 0x00007ff63e920000 	C:\Program Files\Java\jdk-18.0.2\bin\java.exe
0x00007fff76210000 - 0x00007fff76408000 	C:\Windows\SYSTEM32\ntdll.dll
0x00007fff751e0000 - 0x00007fff7529f000 	C:\Windows\System32\KERNEL32.DLL
0x00007fff739a0000 - 0x00007fff73c96000 	C:\Windows\System32\KERNELBASE.dll
0x00007fff73e00000 - 0x00007fff73f00000 	C:\Windows\System32\ucrtbase.dll
0x00007fff70650000 - 0x00007fff70668000 	C:\Program Files\Java\jdk-18.0.2\bin\jli.dll
0x00007fff62160000 - 0x00007fff6217a000 	C:\Program Files\Java\jdk-18.0.2\bin\VCRUNTIME140.dll
0x00007fff75780000 - 0x00007fff7582f000 	C:\Windows\System32\ADVAPI32.dll
0x00007fff75b90000 - 0x00007fff75c2e000 	C:\Windows\System32\msvcrt.dll
0x00007fff760d0000 - 0x00007fff7616c000 	C:\Windows\System32\sechost.dll
0x00007fff75fa0000 - 0x00007fff760c6000 	C:\Windows\System32\RPCRT4.dll
0x00007fff74270000 - 0x00007fff7440d000 	C:\Windows\System32\USER32.dll
0x00007fff73f00000 - 0x00007fff73f22000 	C:\Windows\System32\win32u.dll
0x00007fff633d0000 - 0x00007fff6366a000 	C:\Windows\WinSxS\amd64_microsoft.windows.common-controls_6595b64144ccf1df_6.0.19041.1110_none_60b5254171f9507e\COMCTL32.dll
0x00007fff750b0000 - 0x00007fff750dc000 	C:\Windows\System32\GDI32.dll
0x00007fff74100000 - 0x00007fff74215000 	C:\Windows\System32\gdi32full.dll
0x00007fff73ff0000 - 0x00007fff7408d000 	C:\Windows\System32\msvcp_win.dll
0x00007fff683c0000 - 0x00007fff683ca000 	C:\Windows\SYSTEM32\VERSION.dll
0x00007fff750e0000 - 0x00007fff75110000 	C:\Windows\System32\IMM32.DLL
0x00007fff706c0000 - 0x00007fff706cc000 	C:\Program Files\Java\jdk-18.0.2\bin\vcruntime140_1.dll
0x00007fff5d220000 - 0x00007fff5d2ad000 	C:\Program Files\Java\jdk-18.0.2\bin\msvcp140.dll
0x00007fff43980000 - 0x00007fff44591000 	C:\Program Files\Java\jdk-18.0.2\bin\server\jvm.dll
0x00007fff74fc0000 - 0x00007fff74fc8000 	C:\Windows\System32\PSAPI.DLL
0x00007fff54980000 - 0x00007fff549a7000 	C:\Windows\SYSTEM32\WINMM.dll
0x00007fff58340000 - 0x00007fff58349000 	C:\Windows\SYSTEM32\WSOCK32.dll
0x00007fff75db0000 - 0x00007fff75e1b000 	C:\Windows\System32\WS2_32.dll
0x00007fff71840000 - 0x00007fff71852000 	C:\Windows\SYSTEM32\kernel.appcore.dll
0x00007fff6f1e0000 - 0x00007fff6f1ea000 	C:\Program Files\Java\jdk-18.0.2\bin\jimage.dll
0x00007fff60490000 - 0x00007fff60674000 	C:\Windows\SYSTEM32\DBGHELP.DLL
0x00007fff60450000 - 0x00007fff60484000 	C:\Windows\SYSTEM32\dbgcore.DLL
0x00007fff73f30000 - 0x00007fff73fb2000 	C:\Windows\System32\bcryptPrimitives.dll
0x00007fff62080000 - 0x00007fff620a5000 	C:\Program Files\Java\jdk-18.0.2\bin\java.dll
0x00007fff5d140000 - 0x00007fff5d216000 	C:\Program Files\Java\jdk-18.0.2\bin\jsvml.dll
0x00007fff74660000 - 0x00007fff74da4000 	C:\Windows\System32\SHELL32.dll
0x00007fff719b0000 - 0x00007fff72143000 	C:\Windows\SYSTEM32\windows.storage.dll
0x00007fff75830000 - 0x00007fff75b84000 	C:\Windows\System32\combase.dll
0x00007fff73330000 - 0x00007fff7335e000 	C:\Windows\SYSTEM32\Wldp.dll
0x00007fff75d00000 - 0x00007fff75dad000 	C:\Windows\System32\SHCORE.dll
0x00007fff74f60000 - 0x00007fff74fb5000 	C:\Windows\System32\shlwapi.dll
0x00007fff73820000 - 0x00007fff73845000 	C:\Windows\SYSTEM32\profapi.dll
0x00007fff5daf0000 - 0x00007fff5db03000 	C:\Program Files\Java\jdk-18.0.2\bin\net.dll
0x00007fff6a230000 - 0x00007fff6a33a000 	C:\Windows\SYSTEM32\WINHTTP.dll
0x00007fff73090000 - 0x00007fff730fa000 	C:\Windows\system32\mswsock.dll
0x00007fff5d9f0000 - 0x00007fff5da06000 	C:\Program Files\Java\jdk-18.0.2\bin\nio.dll
0x00007fff5d950000 - 0x00007fff5d968000 	C:\Program Files\Java\jdk-18.0.2\bin\zip.dll

dbghelp: loaded successfully - version: 4.0.5 - missing functions: none
symbol engine: initialized successfully - sym options: 0x614 - pdb path: .;C:\Program Files\Java\jdk-18.0.2\bin;C:\Windows\SYSTEM32;C:\Windows\WinSxS\amd64_microsoft.windows.common-controls_6595b64144ccf1df_6.0.19041.1110_none_60b5254171f9507e;C:\Program Files\Java\jdk-18.0.2\bin\server

VM Arguments:
java_command: selenium-server-4.12.0.jar node --config D:\automation\business\src\main\resources\AutomationResources\TomlFiles\GridHubNodes\MacOs\chrome\MacOschromeNode_5503.toml
java_class_path (initial): selenium-server-4.12.0.jar
Launcher Type: SUN_STANDARD

[Global flags]
     intx CICompilerCount                          = 3                                         {product} {ergonomic}
     uint ConcGCThreads                            = 1                                         {product} {ergonomic}
     uint G1ConcRefinementThreads                  = 4                                         {product} {ergonomic}
   size_t G1HeapRegionSize                         = 1048576                                   {product} {ergonomic}
    uintx GCDrainStackTargetSize                   = 64                                        {product} {ergonomic}
   size_t InitialHeapSize                          = 132120576                                 {product} {ergonomic}
   size_t MarkStackSize                            = 4194304                                   {product} {ergonomic}
   size_t MaxHeapSize                              = 2111832064                                {product} {ergonomic}
   size_t MaxNewSize                               = 1266679808                                {product} {ergonomic}
   size_t MinHeapDeltaBytes                        = 1048576                                   {product} {ergonomic}
   size_t MinHeapSize                              = 8388608                                   {product} {ergonomic}
    uintx NonNMethodCodeHeapSize                   = 5832780                                {pd product} {ergonomic}
    uintx NonProfiledCodeHeapSize                  = 122912730                              {pd product} {ergonomic}
    uintx ProfiledCodeHeapSize                     = 122912730                              {pd product} {ergonomic}
    uintx ReservedCodeCacheSize                    = 251658240                              {pd product} {ergonomic}
     bool SegmentedCodeCache                       = true                                      {product} {ergonomic}
   size_t SoftMaxHeapSize                          = 2111832064                             {manageable} {ergonomic}
     bool UseCompressedClassPointers               = true                           {product lp64_product} {ergonomic}
     bool UseCompressedOops                        = true                           {product lp64_product} {ergonomic}
     bool UseG1GC                                  = true                                      {product} {ergonomic}
     bool UseLargePagesIndividualAllocation        = false                                  {pd product} {ergonomic}

Logging:
Log output configuration:
 #0: stdout all=warning uptime,level,tags foldmultilines=false
 #1: stderr all=off uptime,level,tags foldmultilines=false

Environment Variables:
JAVA_HOME=C:\Program Files\Java\jdk-18.0.2
PATH=C:\Python311\Scripts\;C:\Python311\;C:\Program Files\Java\jdk-18.0.2\bin;D:\Programs\apache-maven-3.9.3\bin;C:\Program Files\Common Files\Oracle\Java\javapath;C:\Windows\system32;C:\Windows;C:\Windows\System32\Wbem;C:\Windows\System32\WindowsPowerShell\v1.0\;C:\Windows\System32\OpenSSH\;C:\Program Files\Git\cmd;D:\Development\Java\Integrations\Allure\allure-2_22_0\allure-2.22.0\bin;D:\Development\Java\Integrations\gradle-7.5.1-bin\gradle-7.5.1\bin;C:\Program Files\nodejs\;C:\ProgramData\chocolatey\bin;C:\Users\Mahmoud.Samy\AppData\Local\Microsoft\WindowsApps;C:\Users\Mahmoud.Samy\AppData\Local\GitHubDesktop\bin;C:\Users\Mahmoud.Samy\AppData\Local\Programs\Microsoft VS Code\bin;C:\Users\Mahmoud.Samy\AppData\Roaming\npm
USERNAME=Mahmoud.Samy
OS=Windows_NT
PROCESSOR_IDENTIFIER=Intel64 Family 6 Model 60 Stepping 3, GenuineIntel



---------------  S Y S T E M  ---------------

OS:
 Windows 10 , 64 bit Build 19041 (10.0.19041.3155)
OS uptime: 0 days 3:32 hours

CPU: total 4 (initial active 4) (4 cores per cpu, 1 threads per core) family 6 model 60 stepping 3 microcode 0x27, cx8, cmov, fxsr, mmx, sse, sse2, sse3, ssse3, sse4.1, sse4.2, popcnt, lzcnt, tsc, tscinvbit, avx, avx2, aes, erms, clmul, bmi1, bmi2, fma, vzeroupper, clflush

Memory: 4k page, system-wide physical 8051M (398M free)
TotalPageFile size 20788M (AvailPageFile size 2M)
current process WorkingSet (physical memory assigned to process): 48M, peak: 48M
current process commit charge ("private bytes"): 204M, peak: 204M

vm_info: Java HotSpot(TM) 64-Bit Server VM (18.0.2+9-61) for windows-amd64 JRE (18.0.2+9-61), built on Jun  7 2022 13:09:01 by "mach5one" with MS VC++ 16.8 / 16.9 (VS2019)

END.
