version 2
JvmtiExport can_access_local_variables 0
JvmtiExport can_hotswap_or_post_breakpoint 0
JvmtiExport can_post_on_exceptions 0
# 136 ciObject found
instanceKlass java/util/LinkedHashMap$LinkedHashIterator
ciInstanceKlass java/lang/Cloneable 1 0 7 100 1 100 1 1 1
instanceKlass io/netty/channel/AbstractChannel$AbstractUnsafe$7
instanceKlass org/openqa/selenium/json/UuidCoercer$1
instanceKlass  @bci org/openqa/selenium/json/UuidCoercer apply (Ljava/lang/reflect/Type;)Ljava/util/function/BiFunction; 0 <appendix> argL0 ; # org/openqa/selenium/json/UuidCoercer$$Lambda$516+0x0000000800e42e28
instanceKlass  @bci org/openqa/selenium/events/zeromq/UnboundZmqEventBus$PollingRunnable lambda$notifyListeners$3 (Lorg/openqa/selenium/events/Event;Ljava/util/function/Consumer;)V 9 <appendix> member <vmtarget> ; # org/openqa/selenium/events/zeromq/UnboundZmqEventBus$PollingRunnable$$Lambda$515+0x0000000800e42c18
instanceKlass java/util/LinkedList$ListItr
instanceKlass  @bci org/openqa/selenium/events/zeromq/UnboundZmqEventBus$PollingRunnable notifyListeners (Lorg/openqa/selenium/events/EventName;Lorg/openqa/selenium/events/Event;)V 27 <appendix> member <vmtarget> ; # org/openqa/selenium/events/zeromq/UnboundZmqEventBus$PollingRunnable$$Lambda$514+0x0000000800e429f8
instanceKlass io/netty/util/internal/PromiseNotificationUtil
instanceKlass sun/nio/ch/IOVecWrapper$Deallocator
instanceKlass sun/nio/ch/NativeObject
instanceKlass sun/nio/ch/IOVecWrapper
instanceKlass io/netty/channel/ChannelOutboundBuffer$Entry$1
instanceKlass io/netty/util/concurrent/PromiseCombiner$1
instanceKlass io/netty/util/concurrent/PromiseCombiner
instanceKlass io/netty/handler/codec/http/HttpHeadersEncoder
instanceKlass io/netty/handler/stream/ChunkedWriteHandler$PendingWrite
instanceKlass io/netty/handler/codec/http/HttpResponseStatus
instanceKlass io/netty/channel/AbstractChannelHandlerContext$WriteTask$1
instanceKlass io/netty/channel/AbstractChannelHandlerContext$WriteTask
instanceKlass  @bci io/opentelemetry/sdk/trace/export/SimpleSpanProcessor onEnd (Lio/opentelemetry/sdk/trace/ReadableSpan;)V 57 <appendix> member <vmtarget> ; # io/opentelemetry/sdk/trace/export/SimpleSpanProcessor$$Lambda$513+0x0000000800e46d98
instanceKlass io/opentelemetry/sdk/common/CompletableResultCode
instanceKlass  @bci org/openqa/selenium/remote/tracing/opentelemetry/SeleniumSpanExporter$1 export (Ljava/util/Collection;)Lio/opentelemetry/sdk/common/CompletableResultCode; 1 <appendix> argL0 ; # org/openqa/selenium/remote/tracing/opentelemetry/SeleniumSpanExporter$1$$Lambda$512+0x0000000800e46988
instanceKlass io/opentelemetry/sdk/trace/SpanWrapper
instanceKlass io/opentelemetry/sdk/trace/data/ImmutableEventData
instanceKlass org/openqa/selenium/remote/tracing/opentelemetry/OpenTelemetrySpan$1
instanceKlass  @bci org/openqa/selenium/remote/tracing/opentelemetry/OpenTelemetrySpan addEvent (Ljava/lang/String;Ljava/util/Map;)Lorg/openqa/selenium/remote/tracing/Span; 20 <appendix> member <vmtarget> ; # org/openqa/selenium/remote/tracing/opentelemetry/OpenTelemetrySpan$$Lambda$511+0x0000000800e459a8
instanceKlass  @bci org/openqa/selenium/grid/data/NodeStatus hasCapacity ()Z 9 <appendix> argL0 ; # org/openqa/selenium/grid/data/NodeStatus$$Lambda$510+0x0000000800e45528
instanceKlass org/openqa/selenium/grid/node/StatusHandler
instanceKlass io/opentelemetry/api/baggage/ImmutableBaggage$Builder
instanceKlass io/opentelemetry/api/baggage/BaggageBuilder
instanceKlass io/opentelemetry/api/baggage/BaggageContextKey
instanceKlass io/opentelemetry/api/baggage/Baggage
instanceKlass com/google/common/collect/AbstractMapBasedMultimap$KeySet$1
instanceKlass  @bci org/openqa/selenium/remote/http/HttpMessage removeHeader (Ljava/lang/String;)Lorg/openqa/selenium/remote/http/HttpMessage; 10 <appendix> member <vmtarget> ; # org/openqa/selenium/remote/http/HttpMessage$$Lambda$509+0x0000000800e44400
instanceKlass  @bci org/openqa/selenium/remote/tracing/opentelemetry/OpenTelemetryPropagator inject (Lorg/openqa/selenium/remote/tracing/TraceContext;Ljava/lang/Object;Lorg/openqa/selenium/remote/tracing/Propagator$Setter;)V 39 <appendix> member <vmtarget> ; # org/openqa/selenium/remote/tracing/opentelemetry/OpenTelemetryPropagator$$Lambda$508+0x0000000800e3f900
instanceKlass  @cpi org/openqa/selenium/remote/tracing/opentelemetry/OpenTelemetryPropagator 169 form vmentry <vmtarget> ; # java/lang/invoke/LambdaForm$DMH+0x0000000800e40000
instanceKlass io/opentelemetry/context/propagation/TextMapSetter
instanceKlass  @bci org/openqa/selenium/remote/tracing/HttpTracing inject (Lorg/openqa/selenium/remote/tracing/Tracer;Lorg/openqa/selenium/remote/tracing/TraceContext;Lorg/openqa/selenium/remote/http/HttpRequest;)V 88 <appendix> argL0 ; # org/openqa/selenium/remote/tracing/HttpTracing$$Lambda$507+0x0000000800e3f510
instanceKlass org/openqa/selenium/remote/tracing/Propagator$Setter
instanceKlass  @bci org/openqa/selenium/remote/tracing/Tags <clinit> ()V 226 <appendix> argL0 ; # org/openqa/selenium/remote/tracing/Tags$$Lambda$506+0x0000000800e3ef30
instanceKlass  @bci org/openqa/selenium/remote/tracing/Tags <clinit> ()V 218 <appendix> argL0 ; # org/openqa/selenium/remote/tracing/Tags$$Lambda$505+0x0000000800e3ed18
instanceKlass  @bci org/openqa/selenium/remote/tracing/Tags <clinit> ()V 210 <appendix> argL0 ; # org/openqa/selenium/remote/tracing/Tags$$Lambda$504+0x0000000800e3eb00
instanceKlass  @bci org/openqa/selenium/remote/tracing/Tags <clinit> ()V 202 <appendix> argL0 ; # org/openqa/selenium/remote/tracing/Tags$$Lambda$503+0x0000000800e3e8e8
instanceKlass  @bci org/openqa/selenium/remote/tracing/Tags <clinit> ()V 194 <appendix> argL0 ; # org/openqa/selenium/remote/tracing/Tags$$Lambda$502+0x0000000800e3e6d0
instanceKlass  @bci org/openqa/selenium/remote/tracing/Tags <clinit> ()V 186 <appendix> argL0 ; # org/openqa/selenium/remote/tracing/Tags$$Lambda$501+0x0000000800e3e4b8
instanceKlass  @bci org/openqa/selenium/remote/tracing/Tags <clinit> ()V 167 <appendix> argL0 ; # org/openqa/selenium/remote/tracing/Tags$$Lambda$500+0x0000000800e3e060
instanceKlass  @bci org/openqa/selenium/remote/tracing/Tags <clinit> ()V 162 <appendix> argL0 ; # org/openqa/selenium/remote/tracing/Tags$$Lambda$499+0x0000000800e3de38
instanceKlass org/openqa/selenium/remote/tracing/Status
instanceKlass java/util/AbstractMap$SimpleEntry
instanceKlass org/openqa/selenium/remote/tracing/Tags
instanceKlass io/opentelemetry/sdk/internal/AttributeUtil
instanceKlass io/opentelemetry/context/ThreadLocalContextStorage$ScopeImpl
instanceKlass io/opentelemetry/sdk/trace/data/ImmutableStatusData
instanceKlass io/opentelemetry/sdk/trace/data/StatusData
instanceKlass io/opentelemetry/sdk/trace/AnchoredClock
instanceKlass io/opentelemetry/sdk/trace/data/EventData
instanceKlass io/opentelemetry/sdk/trace/data/SpanData
instanceKlass io/opentelemetry/sdk/trace/SdkSpan
instanceKlass io/opentelemetry/sdk/trace/ReadWriteSpan
instanceKlass io/opentelemetry/sdk/trace/ReadableSpan
instanceKlass io/opentelemetry/sdk/trace/samplers/ImmutableSamplingResult
instanceKlass io/opentelemetry/sdk/trace/samplers/SamplingResult
instanceKlass io/opentelemetry/api/internal/TemporaryBuffers
instanceKlass io/opentelemetry/sdk/trace/SdkSpanBuilder
instanceKlass org/openqa/selenium/remote/tracing/opentelemetry/OpenTelemetryPropagator$1
instanceKlass  @bci org/openqa/selenium/remote/tracing/HttpTracing extract (Lorg/openqa/selenium/remote/tracing/Tracer;Lorg/openqa/selenium/remote/http/HttpRequest;)Lorg/openqa/selenium/remote/tracing/TraceContext; 27 <appendix> argL0 ; # org/openqa/selenium/remote/tracing/HttpTracing$$Lambda$498+0x0000000800e39b98
instanceKlass org/openqa/selenium/remote/tracing/HttpTracing
instanceKlass io/opentelemetry/api/trace/ArrayBasedTraceState
instanceKlass io/opentelemetry/api/trace/ArrayBasedTraceStateBuilder
instanceKlass io/opentelemetry/api/trace/TraceStateBuilder
instanceKlass io/opentelemetry/api/trace/TraceState
instanceKlass io/opentelemetry/api/internal/OtelEncodingUtils
instanceKlass io/opentelemetry/api/trace/ImmutableTraceFlags
instanceKlass io/opentelemetry/api/internal/ImmutableSpanContext
instanceKlass io/opentelemetry/api/trace/SpanContext
instanceKlass io/opentelemetry/api/trace/PropagatedSpan
instanceKlass io/opentelemetry/context/DefaultContextKey
instanceKlass io/opentelemetry/context/ContextKey
instanceKlass io/opentelemetry/api/trace/SpanContextKey
instanceKlass io/opentelemetry/api/trace/Span
instanceKlass io/opentelemetry/context/ArrayBasedContext
instanceKlass io/opentelemetry/context/ContextStorageWrappers
instanceKlass io/opentelemetry/context/Scope
instanceKlass io/opentelemetry/context/ContextStorageProvider
instanceKlass io/opentelemetry/context/LazyStorage
instanceKlass io/opentelemetry/context/ContextStorage
instanceKlass io/opentelemetry/context/Context
instanceKlass org/openqa/selenium/remote/tracing/Span
instanceKlass org/openqa/selenium/remote/tracing/opentelemetry/OpenTelemetryContext
instanceKlass org/openqa/selenium/remote/tracing/EventAttributeValue
instanceKlass org/openqa/selenium/remote/tracing/EventAttribute
instanceKlass org/openqa/selenium/remote/tracing/SpanWrappedHttpHandler
instanceKlass  @bci org/openqa/selenium/remote/http/Route$CombinedRoute handle (Lorg/openqa/selenium/remote/http/HttpRequest;)Lorg/openqa/selenium/remote/http/HttpResponse; 33 <appendix> argL0 ; # org/openqa/selenium/remote/http/Route$CombinedRoute$$Lambda$497+0x0000000800e36000
instanceKlass  @bci org/openqa/selenium/remote/http/Route$CombinedRoute handle (Lorg/openqa/selenium/remote/http/HttpRequest;)Lorg/openqa/selenium/remote/http/HttpResponse; 25 <appendix> argL0 ; # org/openqa/selenium/remote/http/Route$CombinedRoute$$Lambda$496+0x0000000800e33d08
instanceKlass  @bci org/openqa/selenium/remote/http/Route$CombinedRoute handle (Lorg/openqa/selenium/remote/http/HttpRequest;)Lorg/openqa/selenium/remote/http/HttpResponse; 10 <appendix> member <vmtarget> ; # org/openqa/selenium/remote/http/Route$CombinedRoute$$Lambda$495+0x0000000800e33ac8
instanceKlass com/google/common/collect/Iterables
instanceKlass  @bci com/google/common/collect/CollectSpliterators$1WithCharacteristics tryAdvance (Ljava/util/function/Consumer;)Z 9 <appendix> member <vmtarget> ; # com/google/common/collect/CollectSpliterators$1WithCharacteristics$$Lambda$494+0x0000000800e336b8
instanceKlass  @cpi com/google/common/collect/CollectSpliterators$1WithCharacteristics 86 form vmentry <vmtarget> ; # java/lang/invoke/LambdaForm$DMH+0x0000000800e34800
instanceKlass  @bci org/openqa/selenium/remote/http/Route$CombinedRoute matches (Lorg/openqa/selenium/remote/http/HttpRequest;)Z 10 <appendix> member <vmtarget> ; # org/openqa/selenium/remote/http/Route$CombinedRoute$$Lambda$493+0x0000000800e33478
instanceKlass java/util/stream/Streams$RangeIntSpliterator
instanceKlass com/google/common/collect/CollectSpliterators$1WithCharacteristics
instanceKlass  @bci com/google/common/collect/ImmutableList spliterator ()Ljava/util/Spliterator; 8 <appendix> member <vmtarget> ; # com/google/common/collect/ImmutableList$$Lambda$492+0x0000000800e32fe0
instanceKlass  @cpi com/google/common/collect/ImmutableList 363 form vmentry <vmtarget> ; # java/lang/invoke/LambdaForm$DMH+0x0000000800e34400
instanceKlass  @bci com/google/common/collect/CollectSpliterators$1 tryAdvance (Ljava/util/function/Consumer;)Z 9 <appendix> member <vmtarget> ; # com/google/common/collect/CollectSpliterators$1$$Lambda$491+0x0000000800e32dc0
instanceKlass  @bci com/google/common/collect/AbstractMapBasedMultimap lambda$entrySpliterator$1 (Ljava/util/Map$Entry;)Ljava/util/Spliterator; 24 <appendix> member <vmtarget> ; # com/google/common/collect/AbstractMapBasedMultimap$$Lambda$490+0x0000000800e32b90
instanceKlass  @bci com/google/common/collect/CollectSpliterators$FlatMapSpliterator tryAdvance (Ljava/util/function/Consumer;)Z 53 <appendix> member <vmtarget> ; # com/google/common/collect/CollectSpliterators$FlatMapSpliterator$$Lambda$489+0x0000000800e32970
instanceKlass  @bci org/openqa/selenium/remote/http/HttpMessage getHeader (Ljava/lang/String;)Ljava/lang/String; 35 <appendix> argL0 ; # org/openqa/selenium/remote/http/HttpMessage$$Lambda$488+0x0000000800e32748
instanceKlass  @bci org/openqa/selenium/remote/http/HttpMessage getHeader (Ljava/lang/String;)Ljava/lang/String; 25 <appendix> member <vmtarget> ; # org/openqa/selenium/remote/http/HttpMessage$$Lambda$487+0x0000000800e32508
instanceKlass  @bci org/openqa/selenium/remote/http/HttpMessage getHeader (Ljava/lang/String;)Ljava/lang/String; 14 <appendix> argL0 ; # org/openqa/selenium/remote/http/HttpMessage$$Lambda$486+0x0000000800e322d0
instanceKlass  @bci com/google/common/collect/CollectSpliterators$FlatMapSpliteratorOfObject <init> (Ljava/util/Spliterator;Ljava/util/Spliterator;Ljava/util/function/Function;IJ)V 4 <appendix> argL0 ; # com/google/common/collect/CollectSpliterators$FlatMapSpliteratorOfObject$$Lambda$485+0x0000000800e320c8
instanceKlass  @cpi com/google/common/collect/CollectSpliterators$FlatMapSpliteratorOfObject 42 form vmentry <vmtarget> ; # java/lang/invoke/LambdaForm$DMH+0x0000000800e34000
instanceKlass com/google/common/collect/CollectSpliterators$FlatMapSpliterator$Factory
instanceKlass com/google/common/collect/CollectSpliterators$FlatMapSpliterator
instanceKlass  @bci com/google/common/collect/AbstractMapBasedMultimap entrySpliterator ()Ljava/util/Spliterator; 14 <appendix> argL0 ; # com/google/common/collect/AbstractMapBasedMultimap$$Lambda$484+0x0000000800e317f8
instanceKlass  @bci org/openqa/selenium/remote/AddWebDriverSpecHeaders apply (Lorg/openqa/selenium/remote/http/HttpHandler;)Lorg/openqa/selenium/remote/http/HttpHandler; 1 <appendix> member <vmtarget> ; # org/openqa/selenium/remote/AddWebDriverSpecHeaders$$Lambda$483+0x0000000800e30ef8
instanceKlass  @bci org/openqa/selenium/remote/ErrorFilter apply (Lorg/openqa/selenium/remote/http/HttpHandler;)Lorg/openqa/selenium/remote/http/HttpHandler; 2 <appendix> member <vmtarget> ; # org/openqa/selenium/remote/ErrorFilter$$Lambda$482+0x0000000800e30cd8
instanceKlass  @bci org/openqa/selenium/netty/server/SeleniumHandler channelRead0 (Lio/netty/channel/ChannelHandlerContext;Lorg/openqa/selenium/remote/http/HttpRequest;)V 6 <appendix> member <vmtarget> ; # org/openqa/selenium/netty/server/SeleniumHandler$$Lambda$481+0x0000000800e30ac8
instanceKlass  @bci org/openqa/selenium/netty/server/RequestConverter channelRead0 (Lio/netty/channel/ChannelHandlerContext;Lio/netty/handler/codec/http/HttpObject;)V 321 <appendix> member <vmtarget> ; # org/openqa/selenium/netty/server/RequestConverter$$Lambda$480+0x0000000800e308b8
instanceKlass  @bci org/openqa/selenium/netty/server/RequestConverter createRequest (Lio/netty/channel/ChannelHandlerContext;Lio/netty/handler/codec/http/HttpRequest;)Lorg/openqa/selenium/remote/http/HttpRequest; 174 <appendix> member <vmtarget> ; # org/openqa/selenium/netty/server/RequestConverter$$Lambda$479+0x0000000800e30698
instanceKlass  @bci org/openqa/selenium/netty/server/RequestConverter createRequest (Lio/netty/channel/ChannelHandlerContext;Lio/netty/handler/codec/http/HttpRequest;)Lorg/openqa/selenium/remote/http/HttpRequest; 162 <appendix> argL0 ; # org/openqa/selenium/netty/server/RequestConverter$$Lambda$478+0x0000000800e30460
instanceKlass io/netty/handler/codec/HeadersUtils$StringEntry
instanceKlass io/netty/handler/codec/DefaultHeaders$HeaderIterator
instanceKlass io/netty/handler/codec/HeadersUtils$StringEntryIterator
instanceKlass  @bci org/openqa/selenium/netty/server/RequestConverter createRequest (Lio/netty/channel/ChannelHandlerContext;Lio/netty/handler/codec/http/HttpRequest;)Lorg/openqa/selenium/remote/http/HttpRequest; 138 <appendix> member <vmtarget> ; # org/openqa/selenium/netty/server/RequestConverter$$Lambda$477+0x0000000800e2fbb0
instanceKlass  @bci org/openqa/selenium/remote/http/Contents bytes ([B)Ljava/util/function/Supplier; 14 <appendix> member <vmtarget> ; # org/openqa/selenium/remote/http/Contents$$Lambda$476+0x0000000800e2f9a0
instanceKlass org/openqa/selenium/remote/http/Contents
instanceKlass io/netty/handler/codec/http/HttpConstants
instanceKlass io/netty/handler/codec/http/QueryStringDecoder
instanceKlass  @bci org/openqa/selenium/internal/Debug <clinit> ()V 13 <appendix> argL0 ; # org/openqa/selenium/internal/Debug$$Lambda$475+0x0000000800e2e220
instanceKlass org/openqa/selenium/internal/Debug
instanceKlass io/netty/handler/codec/http/websocketx/extensions/WebSocketExtensionUtil
instanceKlass io/netty/buffer/PoolThreadCache$MemoryRegionCache$Entry
instanceKlass io/netty/buffer/PoolThreadCache$1
instanceKlass io/netty/handler/codec/http/LastHttpContent$1
instanceKlass io/netty/handler/codec/DefaultHeaders$ValueIterator
instanceKlass io/netty/handler/codec/http/HttpHeaderValues
instanceKlass io/netty/handler/codec/http/HttpUtil
instanceKlass io/netty/handler/codec/HeadersUtils
instanceKlass io/netty/handler/codec/http/HttpHeaderNames
instanceKlass io/netty/handler/codec/http/HttpHeaderValidationUtil$BitSet128
instanceKlass io/netty/handler/codec/http/HttpHeaderValidationUtil
instanceKlass io/netty/handler/codec/DefaultHeaders$HeaderEntry
instanceKlass io/netty/handler/codec/http/DefaultHttpHeaders$HeaderValueValidator
instanceKlass io/netty/handler/codec/CharSequenceValueConverter
instanceKlass io/netty/handler/codec/http/DefaultHttpHeaders$1
instanceKlass io/netty/handler/codec/http/EmptyHttpHeaders$InstanceInitializer
instanceKlass io/netty/handler/codec/DefaultHeaders$ValueValidator
instanceKlass io/netty/handler/codec/DefaultHeaders$NameValidator
instanceKlass io/netty/handler/codec/DefaultHeaders
instanceKlass io/netty/handler/codec/Headers
instanceKlass io/netty/handler/codec/ValueConverter
instanceKlass io/netty/handler/codec/http/HttpVersion
instanceKlass io/netty/handler/codec/http/HttpHeaders
instanceKlass io/netty/buffer/ByteBufUtil$SWARByteSearch
instanceKlass io/netty/handler/codec/http/HttpObjectDecoder$2
instanceKlass io/netty/handler/codec/CodecOutputList$CodecOutputLists
instanceKlass io/netty/handler/codec/CodecOutputList$1
instanceKlass io/netty/handler/codec/CodecOutputList$CodecOutputListRecycler
instanceKlass io/netty/buffer/LongLongHashMap
instanceKlass io/netty/buffer/IntPriorityQueue
instanceKlass io/netty/buffer/PoolChunk
instanceKlass io/netty/buffer/PoolChunkMetric
instanceKlass io/netty/util/internal/shaded/org/jctools/queues/MessagePassingQueueUtil
instanceKlass io/netty/util/Recycler$LocalPool
instanceKlass io/netty/util/internal/shaded/org/jctools/queues/MessagePassingQueue$Consumer
instanceKlass io/netty/buffer/PooledUnsafeDirectByteBuf$1
instanceKlass io/netty/buffer/PoolThreadCache$FreeOnFinalize
instanceKlass io/netty/util/Recycler$EnhancedHandle
instanceKlass io/netty/util/Recycler$Handle
instanceKlass io/netty/util/internal/ObjectPool$Handle
instanceKlass io/netty/util/Recycler
instanceKlass io/netty/util/internal/ObjectPool
instanceKlass io/netty/buffer/PoolThreadCache$MemoryRegionCache$1
instanceKlass io/netty/util/internal/ObjectPool$ObjectCreator
instanceKlass io/netty/buffer/PoolThreadCache$MemoryRegionCache
instanceKlass  @bci org/openqa/selenium/netty/server/ResponseConverter <clinit> ()V 0 <appendix> argL0 ; # org/openqa/selenium/netty/server/ResponseConverter$$Lambda$474+0x0000000800e21030
instanceKlass io/netty/handler/stream/ChunkedInput
instanceKlass io/netty/handler/codec/http/DefaultHttpObject
instanceKlass io/netty/handler/codec/http/HttpMethod$EnumNameMap$Node
instanceKlass io/netty/handler/codec/http/HttpMethod$EnumNameMap
instanceKlass io/netty/handler/codec/http/HttpMethod
instanceKlass io/netty/buffer/DefaultByteBufHolder
instanceKlass org/openqa/selenium/remote/http/Message
instanceKlass io/netty/handler/codec/http/FullHttpResponse
instanceKlass io/netty/handler/codec/http/FullHttpMessage
instanceKlass io/netty/handler/codec/http/websocketx/extensions/compression/DeflateFrameServerExtensionHandshaker
instanceKlass io/netty/handler/codec/http/websocketx/extensions/WebSocketExtensionFilterProvider$1
instanceKlass io/netty/handler/codec/http/websocketx/extensions/WebSocketExtensionFilterProvider
instanceKlass io/netty/handler/codec/compression/ZlibCodecFactory
instanceKlass io/netty/handler/codec/http/websocketx/extensions/WebSocketServerExtension
instanceKlass io/netty/handler/codec/http/websocketx/extensions/WebSocketExtension
instanceKlass io/netty/handler/codec/http/websocketx/extensions/compression/PerMessageDeflateServerExtensionHandshaker
instanceKlass io/netty/handler/codec/http/websocketx/extensions/WebSocketServerExtensionHandshaker
instanceKlass io/netty/handler/codec/http/HttpRequest
instanceKlass io/netty/handler/codec/http/HttpResponse
instanceKlass io/netty/util/internal/TypeParameterMatcher
instanceKlass io/netty/buffer/UnsafeByteBufUtil
instanceKlass io/netty/buffer/AbstractByteBufAllocator$1
instanceKlass io/netty/handler/codec/http/HttpObjectDecoder$HeaderParser
instanceKlass io/netty/util/ResourceLeakDetectorFactory
instanceKlass io/netty/util/internal/ReferenceCountUpdater
instanceKlass io/netty/buffer/UnpooledByteBufAllocator$UnpooledByteBufAllocatorMetric
instanceKlass io/netty/buffer/Unpooled
instanceKlass io/netty/util/AsciiString$2
instanceKlass io/netty/util/AsciiString$1
instanceKlass io/netty/util/internal/MathUtil
instanceKlass io/netty/util/AsciiString$CharEqualityComparator
instanceKlass io/netty/util/HashingStrategy
instanceKlass io/netty/handler/codec/http/HttpObjectDecoder$1
instanceKlass io/netty/handler/codec/ByteToMessageDecoder$2
instanceKlass io/netty/handler/codec/ByteToMessageDecoder$1
instanceKlass io/netty/handler/codec/http/HttpMessage
instanceKlass io/netty/handler/codec/http/LastHttpContent
instanceKlass io/netty/handler/codec/DecoderResult
instanceKlass io/netty/handler/codec/http/HttpContent
instanceKlass io/netty/buffer/ByteBufHolder
instanceKlass io/netty/handler/codec/http/HttpObject
instanceKlass io/netty/handler/codec/DecoderResultProvider
instanceKlass io/netty/handler/codec/ByteToMessageDecoder$Cumulator
instanceKlass io/netty/channel/CombinedChannelDuplexHandler$DelegatingChannelHandlerContext
instanceKlass io/netty/handler/codec/http/HttpServerUpgradeHandler$SourceCodec
instanceKlass io/netty/bootstrap/ServerBootstrap$ServerBootstrapAcceptor$2
instanceKlass io/netty/util/ReferenceCountUtil
instanceKlass io/netty/channel/nio/AbstractNioByteChannel$1
instanceKlass io/netty/channel/FileRegion
instanceKlass io/netty/channel/socket/SocketChannelConfig
instanceKlass io/netty/channel/socket/DuplexChannelConfig
instanceKlass io/netty/channel/socket/SocketChannel
instanceKlass io/netty/channel/socket/DuplexChannel
instanceKlass io/netty/util/internal/SocketUtils$5
instanceKlass io/netty/channel/DefaultMaxMessagesRecvByteBufAllocator$MaxMessageHandle$1
instanceKlass io/netty/util/UncheckedBooleanSupplier
instanceKlass io/netty/util/BooleanSupplier
instanceKlass io/netty/channel/DefaultMaxMessagesRecvByteBufAllocator$MaxMessageHandle
instanceKlass io/netty/channel/RecvByteBufAllocator$ExtendedHandle
instanceKlass  @bci org/openqa/selenium/events/zeromq/UnboundZmqEventBus fire (Lorg/openqa/selenium/events/Event;)V 14 <appendix> member <vmtarget> ; # org/openqa/selenium/events/zeromq/UnboundZmqEventBus$$Lambda$473+0x0000000800dffcd8
instanceKlass java/time/LocalTime
instanceKlass java/time/LocalDate
instanceKlass java/time/chrono/ChronoLocalDate
instanceKlass java/time/LocalDateTime
instanceKlass java/time/chrono/ChronoLocalDateTime
instanceKlass java/time/Instant$1
instanceKlass java/time/format/DateTimePrintContext
instanceKlass  @bci java/time/format/DateTimeFormatter <clinit> ()V 1075 <appendix> argL0 ; # java/time/format/DateTimeFormatter$$Lambda$9+0x80000000d
instanceKlass  @bci java/time/format/DateTimeFormatter <clinit> ()V 1067 <appendix> argL0 ; # java/time/format/DateTimeFormatter$$Lambda$8+0x80000000c
instanceKlass java/time/Period
instanceKlass java/time/chrono/ChronoPeriod
instanceKlass java/time/format/DateTimeFormatterBuilder$TextPrinterParser
instanceKlass java/time/format/DateTimeTextProvider$1
instanceKlass java/time/format/DateTimeTextProvider
instanceKlass java/time/format/DateTimeTextProvider$LocaleStore
instanceKlass java/time/format/DateTimeFormatterBuilder$InstantPrinterParser
instanceKlass java/time/format/DateTimeFormatterBuilder$StringLiteralPrinterParser
instanceKlass java/time/format/DateTimeFormatterBuilder$ZoneIdPrinterParser
instanceKlass java/time/format/DateTimeFormatterBuilder$OffsetIdPrinterParser
instanceKlass java/time/format/DecimalStyle
instanceKlass java/time/format/DateTimeFormatterBuilder$CompositePrinterParser
instanceKlass java/time/chrono/AbstractChronology
instanceKlass java/time/chrono/Chronology
instanceKlass java/time/format/DateTimeFormatterBuilder$CharLiteralPrinterParser
instanceKlass java/time/format/DateTimeFormatterBuilder$NumberPrinterParser
instanceKlass java/time/format/DateTimeFormatterBuilder$DateTimePrinterParser
instanceKlass java/time/temporal/JulianFields
instanceKlass java/time/temporal/IsoFields
instanceKlass java/time/temporal/ValueRange
instanceKlass java/time/temporal/TemporalField
instanceKlass  @bci java/time/format/DateTimeFormatterBuilder <clinit> ()V 0 <appendix> argL0 ; # java/time/format/DateTimeFormatterBuilder$$Lambda$10+0x80000000e
instanceKlass java/time/ZoneId
instanceKlass java/time/temporal/TemporalQuery
instanceKlass java/time/format/DateTimeFormatterBuilder
instanceKlass java/time/format/DateTimeFormatter
instanceKlass  @bci org/openqa/selenium/json/JsonOutput lambda$new$23 (Ljava/lang/Object;II)V 66 <appendix> member <vmtarget> ; # org/openqa/selenium/json/JsonOutput$$Lambda$469+0x0000000800dffab8
instanceKlass  @cpi org/openqa/selenium/json/JsonOutput 848 form vmentry <vmtarget> ; # java/lang/invoke/LambdaForm$DMH+0x0000000800e00000
instanceKlass  @bci org/openqa/selenium/json/JsonOutput lambda$new$23 (Ljava/lang/Object;II)V 53 <appendix> argL0 ; # org/openqa/selenium/json/JsonOutput$$Lambda$468+0x0000000800dff880
instanceKlass java/io/ObjectStreamConstants
instanceKlass java/io/ObjectInput
instanceKlass org/openqa/selenium/grid/node/relay/RelaySessionFactory
instanceKlass  @bci org/openqa/selenium/grid/node/local/LocalNode getStatus ()Lorg/openqa/selenium/grid/data/NodeStatus; 58 <appendix> argL0 ; # org/openqa/selenium/grid/node/local/LocalNode$$Lambda$467+0x0000000800dfec20
instanceKlass org/openqa/selenium/grid/data/SlotId
instanceKlass  @bci org/openqa/selenium/grid/node/local/LocalNode getStatus ()Lorg/openqa/selenium/grid/data/NodeStatus; 10 <appendix> member <vmtarget> ; # org/openqa/selenium/grid/node/local/LocalNode$$Lambda$466+0x0000000800dfe3f0
instanceKlass org/openqa/selenium/grid/data/Slot
instanceKlass  @bci org/openqa/selenium/grid/node/httpd/NodeServer$1 lambda$start$2 (Ldev/failsafe/RetryPolicy;)V 9 <appendix> member <vmtarget> ; # org/openqa/selenium/grid/node/httpd/NodeServer$1$$Lambda$465+0x0000000800dfdfc0
instanceKlass java/util/IdentityHashMap$IdentityHashMapIterator
instanceKlass  @bci org/openqa/selenium/grid/node/httpd/NodeServer$1 start ()Lorg/openqa/selenium/netty/server/NettyServer; 86 <appendix> member <vmtarget> ; # org/openqa/selenium/grid/node/httpd/NodeServer$1$$Lambda$464+0x0000000800dfddb0
instanceKlass java/util/concurrent/Executors$DefaultThreadFactory
instanceKlass  @bci dev/failsafe/FailurePolicyBuilder resultPredicateFor (Ldev/failsafe/function/CheckedPredicate;)Ldev/failsafe/function/CheckedBiPredicate; 1 <appendix> member <vmtarget> ; # dev/failsafe/FailurePolicyBuilder$$Lambda$463+0x0000000800dfdba0
instanceKlass dev/failsafe/function/CheckedBiPredicate
instanceKlass  @bci org/openqa/selenium/grid/node/httpd/NodeServer$1 start ()Lorg/openqa/selenium/netty/server/NettyServer; 32 <appendix> argL0 ; # org/openqa/selenium/grid/node/httpd/NodeServer$1$$Lambda$462+0x0000000800dfd7b0
instanceKlass dev/failsafe/function/CheckedPredicate
instanceKlass io/netty/channel/ChannelFutureListener$3
instanceKlass io/netty/channel/ChannelFutureListener$2
instanceKlass io/netty/channel/ChannelFutureListener$1
instanceKlass io/netty/channel/AbstractChannel$AbstractUnsafe$2
instanceKlass io/netty/bootstrap/ServerBootstrap$ServerBootstrapAcceptor$1
instanceKlass io/netty/util/internal/logging/AbstractInternalLogger$1
instanceKlass io/netty/bootstrap/AbstractBootstrap$2
instanceKlass io/netty/bootstrap/ServerBootstrap$1$1
instanceKlass io/netty/bootstrap/AbstractBootstrap$1
instanceKlass io/netty/util/concurrent/FastThreadLocalRunnable
instanceKlass io/netty/util/internal/ThreadExecutorMap$2
instanceKlass io/netty/util/concurrent/SingleThreadEventExecutor$4
instanceKlass io/netty/util/internal/shaded/org/jctools/queues/LinkedArrayQueueUtil
instanceKlass io/netty/channel/AbstractChannel$AbstractUnsafe$1
instanceKlass io/netty/channel/ChannelHandler$Sharable
instanceKlass io/netty/buffer/ByteBufUtil$2
instanceKlass io/netty/buffer/PooledByteBufAllocatorMetric
instanceKlass io/netty/buffer/PoolChunkList
instanceKlass io/netty/buffer/PoolChunkListMetric
instanceKlass io/netty/buffer/PoolSubpage
instanceKlass io/netty/buffer/PoolSubpageMetric
instanceKlass io/netty/buffer/PoolThreadCache
instanceKlass io/netty/buffer/SizeClasses
instanceKlass io/netty/buffer/PoolArenaMetric
instanceKlass io/netty/buffer/SizeClassesMetric
instanceKlass io/netty/buffer/PooledByteBufAllocator$1
instanceKlass io/netty/buffer/ByteBufAllocatorMetric
instanceKlass io/netty/buffer/AbstractByteBufAllocator
instanceKlass io/netty/buffer/ByteBufAllocatorMetricProvider
instanceKlass io/netty/util/CharsetUtil
instanceKlass io/netty/buffer/ByteBuf
instanceKlass io/netty/buffer/ByteBufConvertible
instanceKlass io/netty/util/ReferenceCounted
instanceKlass io/netty/util/ByteProcessor
instanceKlass io/netty/buffer/ByteBufUtil
instanceKlass io/netty/channel/RecvByteBufAllocator$Handle
instanceKlass io/netty/channel/DefaultMaxMessagesRecvByteBufAllocator
instanceKlass io/netty/channel/MaxMessagesRecvByteBufAllocator
instanceKlass  @bci sun/nio/ch/ServerSocketAdaptor create (Lsun/nio/ch/ServerSocketChannelImpl;)Ljava/net/ServerSocket; 1 <appendix> member <vmtarget> ; # sun/nio/ch/ServerSocketAdaptor$$Lambda$461+0x0000000800d52a28
instanceKlass io/netty/channel/WriteBufferWaterMark
instanceKlass io/netty/buffer/ByteBufAllocator
instanceKlass io/netty/channel/DefaultMessageSizeEstimator$HandleImpl
instanceKlass io/netty/channel/DefaultMessageSizeEstimator
instanceKlass io/netty/channel/MessageSizeEstimator
instanceKlass io/netty/channel/RecvByteBufAllocator
instanceKlass io/netty/channel/DefaultChannelConfig
instanceKlass io/netty/channel/nio/AbstractNioChannel$1
instanceKlass io/netty/channel/ChannelHandlerMask$Skip
instanceKlass io/netty/channel/ChannelHandlerMask$2
instanceKlass io/netty/channel/ChannelHandlerMask
instanceKlass io/netty/channel/AbstractChannelHandlerContext$Tasks
instanceKlass io/netty/channel/VoidChannelPromise$1
instanceKlass io/netty/util/ResourceLeakTracker
instanceKlass io/netty/util/ResourceLeak
instanceKlass io/netty/util/ResourceLeakDetector
instanceKlass io/netty/channel/MessageSizeEstimator$Handle
instanceKlass io/netty/channel/ChannelProgressivePromise
instanceKlass io/netty/channel/ChannelProgressiveFuture
instanceKlass io/netty/channel/DefaultChannelPipeline$PendingHandlerCallback
instanceKlass io/netty/channel/AbstractChannelHandlerContext
instanceKlass io/netty/util/ResourceLeakHint
instanceKlass io/netty/channel/ChannelHandlerContext
instanceKlass io/netty/channel/DefaultChannelPipeline
instanceKlass io/netty/channel/ChannelOutboundBuffer$Entry
instanceKlass java/util/concurrent/atomic/AtomicLongFieldUpdater$CASUpdater$1
instanceKlass java/util/concurrent/atomic/AtomicLongFieldUpdater
instanceKlass io/netty/channel/ChannelOutboundBuffer
instanceKlass io/netty/util/internal/SocketUtils$13
instanceKlass io/netty/util/NetUtil$SoMaxConnAction
instanceKlass io/netty/util/NetUtilInitializations$NetworkIfaceAndInetAddress
instanceKlass io/netty/util/internal/SocketUtils$11
instanceKlass io/netty/util/internal/SocketUtils
instanceKlass io/netty/util/NetUtilInitializations
instanceKlass io/netty/util/NetUtil
instanceKlass javax/security/cert/Certificate
instanceKlass java/security/cert/X509Extension
instanceKlass io/netty/util/AsciiString
instanceKlass io/netty/util/internal/EmptyArrays
instanceKlass io/netty/util/internal/MacAddressUtil
# instanceKlass java/lang/invoke/LambdaForm$MH+0x0000000800de0c00
# instanceKlass java/lang/invoke/LambdaForm$MH+0x0000000800de0800
# instanceKlass java/lang/invoke/LambdaForm$BMH+0x0000000800de0400
instanceKlass sun/invoke/util/ValueConversions$WrapperCache
# instanceKlass java/lang/invoke/LambdaForm$DMH+0x0000000800de0000
instanceKlass java/lang/ProcessHandle$Info
instanceKlass io/netty/channel/DefaultChannelId
instanceKlass io/netty/channel/ChannelFlushPromiseNotifier$FlushCheckpoint
instanceKlass io/netty/channel/ChannelFutureListener
instanceKlass java/nio/channels/MulticastChannel
instanceKlass io/netty/channel/socket/nio/SelectorProviderUtil
instanceKlass io/netty/channel/ChannelMetadata
instanceKlass io/netty/util/ConstantPool
instanceKlass io/netty/util/AbstractConstant
instanceKlass io/netty/util/Constant
instanceKlass io/netty/channel/ChannelHandlerAdapter
instanceKlass io/netty/channel/ChannelInboundHandler
instanceKlass io/netty/channel/ChannelOutboundHandler
instanceKlass io/netty/channel/socket/ServerSocketChannelConfig
instanceKlass io/netty/channel/ChannelConfig
instanceKlass io/netty/channel/nio/AbstractNioChannel$NioUnsafe
instanceKlass io/netty/channel/AbstractChannel$AbstractUnsafe
instanceKlass io/netty/channel/ChannelId
instanceKlass io/netty/channel/ChannelPipeline
instanceKlass io/netty/channel/ChannelInboundInvoker
instanceKlass io/netty/channel/Channel$Unsafe
instanceKlass io/netty/util/Attribute
instanceKlass io/netty/channel/ReflectiveChannelFactory
instanceKlass io/netty/util/DefaultAttributeMap
instanceKlass io/netty/channel/socket/ServerSocketChannel
instanceKlass io/netty/channel/ServerChannel
instanceKlass io/netty/bootstrap/AbstractBootstrapConfig
instanceKlass io/netty/channel/Channel
instanceKlass io/netty/channel/ChannelOutboundInvoker
instanceKlass io/netty/util/AttributeMap
instanceKlass io/netty/channel/ChannelFactory
instanceKlass io/netty/bootstrap/ChannelFactory
instanceKlass io/netty/bootstrap/AbstractBootstrap
instanceKlass io/netty/util/concurrent/MultithreadEventExecutorGroup$1
instanceKlass io/netty/util/concurrent/DefaultEventExecutorChooserFactory$PowerOfTwoEventExecutorChooser
instanceKlass io/netty/channel/nio/NioEventLoop$SelectorTuple
instanceKlass io/netty/channel/nio/NioEventLoop$4
instanceKlass io/netty/channel/nio/NioEventLoop$3
instanceKlass io/netty/channel/nio/NioEventLoop$1
instanceKlass io/netty/util/internal/ThreadExecutorMap$1
instanceKlass io/netty/util/internal/shaded/org/jctools/util/UnsafeRefArrayAccess
instanceKlass io/netty/util/internal/shaded/org/jctools/util/Pow2
instanceKlass io/netty/util/internal/shaded/org/jctools/util/RangeUtil
instanceKlass io/netty/util/internal/shaded/org/jctools/util/UnsafeAccess
instanceKlass io/netty/util/internal/PlatformDependent$Mpsc$1
instanceKlass io/netty/util/internal/PlatformDependent$Mpsc
instanceKlass io/netty/channel/DefaultSelectStrategy
instanceKlass io/netty/channel/SelectStrategy
instanceKlass io/netty/util/internal/PlatformDependent$4
# instanceKlass java/lang/invoke/LambdaForm$MH+0x0000000800dcc000
instanceKlass io/netty/util/internal/CleanerJava9$1
instanceKlass io/netty/util/internal/CleanerJava9
instanceKlass io/netty/util/internal/PlatformDependent$2
instanceKlass io/netty/util/internal/PlatformDependent$1
instanceKlass  @bci sun/management/spi/PlatformMBeanProvider$PlatformComponent getMBeans (Ljava/lang/Class;)Ljava/util/List; 63 <appendix> member <vmtarget> ; # sun/management/spi/PlatformMBeanProvider$PlatformComponent$$Lambda$460+0x0000000800d4f5b0
instanceKlass  @bci sun/management/spi/PlatformMBeanProvider$PlatformComponent getMBeans (Ljava/lang/Class;)Ljava/util/List; 47 <appendix> member <vmtarget> ; # sun/management/spi/PlatformMBeanProvider$PlatformComponent$$Lambda$459+0x0000000800d4f370
instanceKlass  @bci java/lang/management/ManagementFactory$PlatformMBeanFinder findSingleton (Ljava/lang/Class;)Lsun/management/spi/PlatformMBeanProvider$PlatformComponent; 30 <appendix> member <vmtarget> ; # java/lang/management/ManagementFactory$PlatformMBeanFinder$$Lambda$458+0x0000000800d4f138
instanceKlass  @bci java/lang/management/ManagementFactory$PlatformMBeanFinder findSingleton (Ljava/lang/Class;)Lsun/management/spi/PlatformMBeanProvider$PlatformComponent; 19 <appendix> member <vmtarget> ; # java/lang/management/ManagementFactory$PlatformMBeanFinder$$Lambda$457+0x0000000800d4eef8
instanceKlass io/netty/util/internal/PlatformDependent0$9
instanceKlass io/netty/util/internal/PlatformDependent0$7
instanceKlass io/netty/util/internal/PlatformDependent0$6
instanceKlass io/netty/util/internal/PlatformDependent0$5
instanceKlass jdk/internal/access/foreign/MemorySegmentProxy
instanceKlass io/netty/util/internal/PlatformDependent0$4
instanceKlass io/netty/util/internal/PlatformDependent0$3
instanceKlass io/netty/util/internal/PlatformDependent0$2
instanceKlass io/netty/util/internal/ReflectionUtil
instanceKlass sun/misc/Unsafe
instanceKlass io/netty/util/internal/PlatformDependent0$1
instanceKlass io/netty/util/internal/PlatformDependent0
instanceKlass io/netty/util/internal/shaded/org/jctools/queues/SupportsIterator
instanceKlass io/netty/util/internal/shaded/org/jctools/queues/QueueProgressIndicators
instanceKlass io/netty/util/internal/shaded/org/jctools/queues/IndexedQueueSizeUtil$IndexedQueue
instanceKlass io/netty/util/internal/shaded/org/jctools/queues/MessagePassingQueue
instanceKlass io/netty/util/internal/LongCounter
instanceKlass io/netty/util/internal/PlatformDependent$ThreadLocalRandomProvider
instanceKlass io/netty/util/internal/Cleaner
instanceKlass io/netty/util/internal/PlatformDependent
instanceKlass java/util/concurrent/atomic/AtomicIntegerFieldUpdater$AtomicIntegerFieldUpdaterImpl$1
instanceKlass java/util/concurrent/atomic/AtomicIntegerFieldUpdater
instanceKlass io/netty/util/concurrent/SingleThreadEventExecutor$1
instanceKlass io/netty/util/IntSupplier
instanceKlass io/netty/channel/ChannelPromise
instanceKlass io/netty/channel/ChannelFuture
instanceKlass io/netty/util/concurrent/ThreadProperties
instanceKlass io/netty/util/concurrent/ThreadPerTaskExecutor
instanceKlass io/netty/util/internal/ThreadExecutorMap$3
instanceKlass io/netty/util/internal/UnpaddedInternalThreadLocalMap
instanceKlass io/netty/util/concurrent/FastThreadLocal
instanceKlass io/netty/util/internal/ThreadExecutorMap
instanceKlass io/netty/util/internal/StringUtil
instanceKlass io/netty/util/concurrent/DefaultThreadFactory
instanceKlass io/netty/util/concurrent/GlobalEventExecutor$TaskRunner
instanceKlass io/netty/util/concurrent/GlobalEventExecutor$1
instanceKlass io/netty/util/concurrent/PromiseTask$SentinelRunnable
instanceKlass io/netty/util/internal/PriorityQueueNode
instanceKlass io/netty/util/concurrent/AbstractScheduledEventExecutor$2
instanceKlass io/netty/util/concurrent/AbstractScheduledEventExecutor$1
instanceKlass io/netty/util/internal/PriorityQueue
instanceKlass io/netty/util/concurrent/ScheduledFuture
instanceKlass io/netty/util/concurrent/ProgressivePromise
instanceKlass io/netty/util/concurrent/ProgressiveFuture
instanceKlass io/netty/util/internal/ThrowableUtil
instanceKlass io/netty/util/concurrent/DefaultFutureListeners
instanceKlass io/netty/util/concurrent/DefaultPromise$CauseHolder
instanceKlass java/util/concurrent/atomic/AtomicReferenceFieldUpdater$AtomicReferenceFieldUpdaterImpl$1
instanceKlass java/util/concurrent/atomic/AtomicReferenceFieldUpdater
instanceKlass io/netty/util/concurrent/AbstractFuture
instanceKlass io/netty/util/concurrent/EventExecutorChooserFactory$EventExecutorChooser
instanceKlass io/netty/util/concurrent/DefaultEventExecutorChooserFactory
instanceKlass io/netty/util/concurrent/RejectedExecutionHandlers$1
instanceKlass io/netty/util/concurrent/RejectedExecutionHandler
instanceKlass io/netty/util/concurrent/RejectedExecutionHandlers
instanceKlass io/netty/channel/DefaultSelectStrategyFactory
instanceKlass io/netty/channel/SelectStrategyFactory
instanceKlass io/netty/util/internal/SystemPropertyUtil
instanceKlass io/netty/util/NettyRuntime$AvailableProcessorsHolder
instanceKlass io/netty/util/NettyRuntime
instanceKlass io/netty/util/internal/logging/AbstractInternalLogger
instanceKlass io/netty/channel/EventLoop
instanceKlass io/netty/util/concurrent/OrderedEventExecutor
instanceKlass io/netty/util/concurrent/EventExecutorChooserFactory
instanceKlass io/netty/util/concurrent/FutureListener
instanceKlass io/netty/util/concurrent/GenericFutureListener
instanceKlass io/netty/util/concurrent/Promise
instanceKlass io/netty/util/concurrent/Future
instanceKlass io/netty/util/concurrent/EventExecutor
