07:31:25.655 [AWT-EventQueue-0] INFO  c.b.actions.EnableBrowserStack - Setting enable browserstack run update
07:31:25.662 [AWT-EventQueue-0] INFO  c.b.actions.DisableBrowserStack - Setting disable browserstack run update
07:32:46.882 [AWT-EventQueue-0] INFO  c.b.launchers.LaunchMavenCommand - Integrate source: testng:intellij:v1.1.2
07:32:46.883 [AWT-EventQueue-0] INFO  c.b.launchers.LaunchMavenCommand - Executing maven archetype command - browserstack-sdk-archetype-integrate
07:32:47.004 [ApplicationImpl pooled thread 299] INFO  c.b.l.BrowserStackRunExtension - maven
07:32:47.004 [ApplicationImpl pooled thread 299] INFO  com.browserstack.utils.Helpers - null
07:32:58.102 [java.exe] INFO  c.b.launchers.LaunchMavenCommand - Completed maven archetype command
08:28:40.841 [ApplicationImpl pooled thread 583] INFO  c.b.l.BrowserStackRunExtension - testng
08:28:40.842 [ApplicationImpl pooled thread 583] INFO  com.browserstack.utils.Helpers - true
08:28:40.844 [ApplicationImpl pooled thread 583] INFO  com.browserstack.utils.Helpers - C:/Users/Mahmoud.Samy/.m2/repository/com/browserstack/browserstack-java-sdk/1.5.2/browserstack-java-sdk-1.5.2.jar
08:28:40.844 [ApplicationImpl pooled thread 583] INFO  c.b.l.BrowserStackRunExtension - Agent path: C:/Users/Mahmoud.Samy/.m2/repository/com/browserstack/browserstack-java-sdk/1.5.2/browserstack-java-sdk-1.5.2.jar
08:28:40.844 [ApplicationImpl pooled thread 583] INFO  c.b.l.BrowserStackRunExtension - Plugin version: v1.1.2
08:30:31.961 [ApplicationImpl pooled thread 594] INFO  c.b.l.BrowserStackRunExtension - testng
08:30:31.961 [ApplicationImpl pooled thread 594] INFO  com.browserstack.utils.Helpers - true
08:30:31.962 [ApplicationImpl pooled thread 594] INFO  com.browserstack.utils.Helpers - C:/Users/Mahmoud.Samy/.m2/repository/com/browserstack/browserstack-java-sdk/1.5.2/browserstack-java-sdk-1.5.2.jar
08:30:31.962 [ApplicationImpl pooled thread 594] INFO  c.b.l.BrowserStackRunExtension - Agent path: C:/Users/Mahmoud.Samy/.m2/repository/com/browserstack/browserstack-java-sdk/1.5.2/browserstack-java-sdk-1.5.2.jar
08:30:31.962 [ApplicationImpl pooled thread 594] INFO  c.b.l.BrowserStackRunExtension - Plugin version: v1.1.2
08:33:06.736 [ApplicationImpl pooled thread 602] INFO  c.b.l.BrowserStackRunExtension - testng
08:33:06.736 [ApplicationImpl pooled thread 602] INFO  com.browserstack.utils.Helpers - true
08:33:06.736 [ApplicationImpl pooled thread 602] INFO  com.browserstack.utils.Helpers - C:/Users/Mahmoud.Samy/.m2/repository/com/browserstack/browserstack-java-sdk/1.5.2/browserstack-java-sdk-1.5.2.jar
08:33:06.737 [ApplicationImpl pooled thread 602] INFO  c.b.l.BrowserStackRunExtension - Agent path: C:/Users/Mahmoud.Samy/.m2/repository/com/browserstack/browserstack-java-sdk/1.5.2/browserstack-java-sdk-1.5.2.jar
08:33:06.737 [ApplicationImpl pooled thread 602] INFO  c.b.l.BrowserStackRunExtension - Plugin version: v1.1.2
08:39:45.446 [ApplicationImpl pooled thread 626] INFO  c.b.l.BrowserStackRunExtension - testng
08:39:45.446 [ApplicationImpl pooled thread 626] INFO  com.browserstack.utils.Helpers - true
08:39:45.447 [ApplicationImpl pooled thread 626] INFO  com.browserstack.utils.Helpers - C:/Users/Mahmoud.Samy/.m2/repository/com/browserstack/browserstack-java-sdk/1.5.2/browserstack-java-sdk-1.5.2.jar
08:39:45.447 [ApplicationImpl pooled thread 626] INFO  c.b.l.BrowserStackRunExtension - Agent path: C:/Users/Mahmoud.Samy/.m2/repository/com/browserstack/browserstack-java-sdk/1.5.2/browserstack-java-sdk-1.5.2.jar
08:39:45.447 [ApplicationImpl pooled thread 626] INFO  c.b.l.BrowserStackRunExtension - Plugin version: v1.1.2
08:40:42.081 [ApplicationImpl pooled thread 636] INFO  c.b.l.BrowserStackRunExtension - testng
08:40:42.081 [ApplicationImpl pooled thread 636] INFO  com.browserstack.utils.Helpers - true
08:40:42.081 [ApplicationImpl pooled thread 636] INFO  c.b.l.BrowserStackRunExtension - Agent path: null
08:41:28.555 [ApplicationImpl pooled thread 635] INFO  c.b.l.BrowserStackRunExtension - testng
08:41:28.555 [ApplicationImpl pooled thread 635] INFO  com.browserstack.utils.Helpers - true
08:41:28.556 [ApplicationImpl pooled thread 635] INFO  c.b.l.BrowserStackRunExtension - Agent path: null
08:41:44.185 [ApplicationImpl pooled thread 635] INFO  c.b.l.BrowserStackRunExtension - testng
08:41:44.185 [ApplicationImpl pooled thread 635] INFO  com.browserstack.utils.Helpers - true
08:41:44.186 [ApplicationImpl pooled thread 635] INFO  c.b.l.BrowserStackRunExtension - Agent path: null
06:35:00.497 [AWT-EventQueue-0] INFO  c.b.actions.EnableBrowserStack - Setting enable browserstack run update
06:35:00.508 [AWT-EventQueue-0] INFO  c.b.actions.EnableBrowserStack - Setting enable browserstack run update
06:35:00.517 [AWT-EventQueue-0] INFO  c.b.actions.DisableBrowserStack - Setting disable browserstack run update
07:16:01.593 [AWT-EventQueue-0] INFO  c.b.actions.EnableBrowserStack - Setting enable browserstack run update
07:16:03.776 [AWT-EventQueue-0] INFO  c.b.actions.EnableBrowserStack - Setting enable browserstack run update
07:16:03.939 [AWT-EventQueue-0] INFO  c.b.actions.DisableBrowserStack - Setting disable browserstack run update
